Not searching for unused variables given on the command line.
[36m--[0m The C compiler identification is GNU 4.8.4
[36m--[0m The CXX compiler identification is GNU 4.8.4
[36m--[0m Check for working C compiler: /usr/bin/cc
[36m--[0m Check for working C compiler: /usr/bin/cc -- works
[36m--[0m Detecting C compiler ABI info
[36m--[0m Detecting C compiler ABI info - done
[36m--[0m Check for working CXX compiler: /usr/bin/c++
[36m--[0m Check for working CXX compiler: /usr/bin/c++ -- works
[36m--[0m Detecting CXX compiler ABI info
[36m--[0m Detecting CXX compiler ABI info - done
[36m--[0m Using CATKIN_DEVEL_PREFIX: /home/mc16766/tiago_public_ws/devel/.private/rviz_plugin_covariance
[36m--[0m Using CMAKE_PREFIX_PATH: /home/mc16766/tiago_public_ws/devel;/opt/ros/indigo
[36m--[0m This workspace overlays: /home/mc16766/tiago_public_ws/devel;/opt/ros/indigo
[36m--[0m Found PythonInterp: /usr/bin/python (found version "2.7.6")
[36m--[0m Using PYTHON_EXECUTABLE: /usr/bin/python
[36m--[0m Using Debian Python package layout
[36m--[0m Using empy: /usr/bin/empy
[36m--[0m Using CATKIN_ENABLE_TESTING: ON
[36m--[0m Call enable_testing()
[36m--[0m Using CATKIN_TEST_RESULTS_DIR: /home/mc16766/tiago_public_ws/build/rviz_plugin_covariance/test_results
[36m--[0m Looking for include file pthread.h
[36m--[0m Looking for include file pthread.h - found
[36m--[0m Looking for pthread_create
[36m--[0m Looking for pthread_create - not found
[36m--[0m Looking for pthread_create in pthreads
[36m--[0m Looking for pthread_create in pthreads - not found
[36m--[0m Looking for pthread_create in pthread
[36m--[0m Looking for pthread_create in pthread - found
[36m--[0m Found Threads: TRUE
[36m--[0m Found gtest sources under '/usr/src/gtest': gtests will be built
[36m--[0m Using Python nosetests: /usr/bin/nosetests-2.7
[36m--[0m catkin 0.6.19
[36m--[0m Using these message generators: gencpp;genlisp;genpy
[36m--[0m Found PkgConfig: /usr/bin/pkg-config (found version "0.26")
[36m--[0m checking for module 'eigen3'
[36m--[0m   found eigen3, version 3.2.0
[36m--[0m Found Eigen: /usr/include/eigen3
[36m--[0m Eigen found (include: /usr/include/eigen3)
[36m--[0m Looking for Q_WS_X11
[36m--[0m Looking for Q_WS_X11 - found
[36m--[0m Looking for Q_WS_WIN
[36m--[0m Looking for Q_WS_WIN - not found
[36m--[0m Looking for Q_WS_QWS
[36m--[0m Looking for Q_WS_QWS - not found
[36m--[0m Looking for Q_WS_MAC
[36m--[0m Looking for Q_WS_MAC - not found
[36m--[0m Found Qt4: /usr/bin/qmake (found version "4.8.6")
[36m--[0m Configuring done
[36m--[0m Generating done
[36m--[0m Build files have been written to: /home/mc16766/tiago_public_ws/build/rviz_plugin_covariance
