Determining if the pthread_create exist failed with the following output:
Change Dir: /home/mc16766/tiago_public_ws/build/ddynamic_reconfigure_python/CMakeFiles/CMakeTmp

Run Build Command:/usr/bin/make "cmTryCompileExec55819942/fast"
/usr/bin/make -f CMakeFiles/cmTryCompileExec55819942.dir/build.make CMakeFiles/cmTryCompileExec55819942.dir/build
make[1]: Entering directory `/home/mc16766/tiago_public_ws/build/ddynamic_reconfigure_python/CMakeFiles/CMakeTmp'
/usr/bin/cmake -E cmake_progress_report /home/mc16766/tiago_public_ws/build/ddynamic_reconfigure_python/CMakeFiles/CMakeTmp/CMakeFiles 1
Building C object CMakeFiles/cmTryCompileExec55819942.dir/CheckSymbolExists.c.o
/usr/bin/cc    -o CMakeFiles/cmTryCompileExec55819942.dir/CheckSymbolExists.c.o   -c /home/mc16766/tiago_public_ws/build/ddynamic_reconfigure_python/CMakeFiles/CMakeTmp/CheckSymbolExists.c
Linking C executable cmTryCompileExec55819942
/usr/bin/cmake -E cmake_link_script CMakeFiles/cmTryCompileExec55819942.dir/link.txt --verbose=1
/usr/bin/cc       CMakeFiles/cmTryCompileExec55819942.dir/CheckSymbolExists.c.o  -o cmTryCompileExec55819942 -rdynamic 
CMakeFiles/cmTryCompileExec55819942.dir/CheckSymbolExists.c.o: In function `main':
CheckSymbolExists.c:(.text+0x16): undefined reference to `pthread_create'
collect2: error: ld returned 1 exit status
make[1]: Leaving directory `/home/mc16766/tiago_public_ws/build/ddynamic_reconfigure_python/CMakeFiles/CMakeTmp'
make[1]: *** [cmTryCompileExec55819942] Error 1
make: *** [cmTryCompileExec55819942/fast] Error 2

File /home/mc16766/tiago_public_ws/build/ddynamic_reconfigure_python/CMakeFiles/CMakeTmp/CheckSymbolExists.c:
/* */
#include <pthread.h>

int main(int argc, char** argv)
{
  (void)argv;
#ifndef pthread_create
  return ((int*)(&pthread_create))[argc];
#else
  (void)argc;
  return 0;
#endif
}

Determining if the function pthread_create exists in the pthreads failed with the following output:
Change Dir: /home/mc16766/tiago_public_ws/build/ddynamic_reconfigure_python/CMakeFiles/CMakeTmp

Run Build Command:/usr/bin/make "cmTryCompileExec3458230884/fast"
/usr/bin/make -f CMakeFiles/cmTryCompileExec3458230884.dir/build.make CMakeFiles/cmTryCompileExec3458230884.dir/build
make[1]: Entering directory `/home/mc16766/tiago_public_ws/build/ddynamic_reconfigure_python/CMakeFiles/CMakeTmp'
/usr/bin/cmake -E cmake_progress_report /home/mc16766/tiago_public_ws/build/ddynamic_reconfigure_python/CMakeFiles/CMakeTmp/CMakeFiles 1
Building C object CMakeFiles/cmTryCompileExec3458230884.dir/CheckFunctionExists.c.o
/usr/bin/cc   -DCHECK_FUNCTION_EXISTS=pthread_create   -o CMakeFiles/cmTryCompileExec3458230884.dir/CheckFunctionExists.c.o   -c /usr/share/cmake-2.8/Modules/CheckFunctionExists.c
Linking C executable cmTryCompileExec3458230884
/usr/bin/cmake -E cmake_link_script CMakeFiles/cmTryCompileExec3458230884.dir/link.txt --verbose=1
/usr/bin/cc   -DCHECK_FUNCTION_EXISTS=pthread_create    CMakeFiles/cmTryCompileExec3458230884.dir/CheckFunctionExists.c.o  -o cmTryCompileExec3458230884 -rdynamic -lpthreads 
/usr/bin/ld: cannot find -lpthreads
collect2: error: ld returned 1 exit status
make[1]: *** [cmTryCompileExec3458230884] Error 1
make[1]: Leaving directory `/home/mc16766/tiago_public_ws/build/ddynamic_reconfigure_python/CMakeFiles/CMakeTmp'
make: *** [cmTryCompileExec3458230884/fast] Error 2


