Determining if the pthread_create exist failed with the following output:
Change Dir: /home/mc16766/tiago_public_ws/build/tiago_moveit_tutorial/CMakeFiles/CMakeTmp

Run Build Command:/usr/bin/make "cmTryCompileExec2540564075/fast"
/usr/bin/make -f CMakeFiles/cmTryCompileExec2540564075.dir/build.make CMakeFiles/cmTryCompileExec2540564075.dir/build
make[1]: Entering directory `/home/mc16766/tiago_public_ws/build/tiago_moveit_tutorial/CMakeFiles/CMakeTmp'
/usr/bin/cmake -E cmake_progress_report /home/mc16766/tiago_public_ws/build/tiago_moveit_tutorial/CMakeFiles/CMakeTmp/CMakeFiles 1
Building C object CMakeFiles/cmTryCompileExec2540564075.dir/CheckSymbolExists.c.o
/usr/bin/cc    -o CMakeFiles/cmTryCompileExec2540564075.dir/CheckSymbolExists.c.o   -c /home/mc16766/tiago_public_ws/build/tiago_moveit_tutorial/CMakeFiles/CMakeTmp/CheckSymbolExists.c
Linking C executable cmTryCompileExec2540564075
/usr/bin/cmake -E cmake_link_script CMakeFiles/cmTryCompileExec2540564075.dir/link.txt --verbose=1
/usr/bin/cc       CMakeFiles/cmTryCompileExec2540564075.dir/CheckSymbolExists.c.o  -o cmTryCompileExec2540564075 -rdynamic 
CMakeFiles/cmTryCompileExec2540564075.dir/CheckSymbolExists.c.o: In function `main':
CheckSymbolExists.c:(.text+0x16): undefined reference to `pthread_create'
collect2: error: ld returned 1 exit status
make[1]: *** [cmTryCompileExec2540564075] Error 1
make[1]: Leaving directory `/home/mc16766/tiago_public_ws/build/tiago_moveit_tutorial/CMakeFiles/CMakeTmp'
make: *** [cmTryCompileExec2540564075/fast] Error 2

File /home/mc16766/tiago_public_ws/build/tiago_moveit_tutorial/CMakeFiles/CMakeTmp/CheckSymbolExists.c:
/* */
#include <pthread.h>

int main(int argc, char** argv)
{
  (void)argv;
#ifndef pthread_create
  return ((int*)(&pthread_create))[argc];
#else
  (void)argc;
  return 0;
#endif
}

Determining if the function pthread_create exists in the pthreads failed with the following output:
Change Dir: /home/mc16766/tiago_public_ws/build/tiago_moveit_tutorial/CMakeFiles/CMakeTmp

Run Build Command:/usr/bin/make "cmTryCompileExec1194696164/fast"
/usr/bin/make -f CMakeFiles/cmTryCompileExec1194696164.dir/build.make CMakeFiles/cmTryCompileExec1194696164.dir/build
make[1]: Entering directory `/home/mc16766/tiago_public_ws/build/tiago_moveit_tutorial/CMakeFiles/CMakeTmp'
/usr/bin/cmake -E cmake_progress_report /home/mc16766/tiago_public_ws/build/tiago_moveit_tutorial/CMakeFiles/CMakeTmp/CMakeFiles 1
Building C object CMakeFiles/cmTryCompileExec1194696164.dir/CheckFunctionExists.c.o
/usr/bin/cc   -DCHECK_FUNCTION_EXISTS=pthread_create   -o CMakeFiles/cmTryCompileExec1194696164.dir/CheckFunctionExists.c.o   -c /usr/share/cmake-2.8/Modules/CheckFunctionExists.c
Linking C executable cmTryCompileExec1194696164
/usr/bin/cmake -E cmake_link_script CMakeFiles/cmTryCompileExec1194696164.dir/link.txt --verbose=1
/usr/bin/cc   -DCHECK_FUNCTION_EXISTS=pthread_create    CMakeFiles/cmTryCompileExec1194696164.dir/CheckFunctionExists.c.o  -o cmTryCompileExec1194696164 -rdynamic -lpthreads 
/usr/binmake[1]: Leaving directory `/home/mc16766/tiago_public_ws/build/tiago_moveit_tutorial/CMakeFiles/CMakeTmp'
/ld: cannot find -lpthreads
collect2: error: ld returned 1 exit status
make[1]: *** [cmTryCompileExec1194696164] Error 1
make: *** [cmTryCompileExec1194696164/fast] Error 2


