Symlinking /home/mc16766/tiago_public_ws/devel/include/pal_device_msgs/LedGroup.h
Symlinking /home/mc16766/tiago_public_ws/devel/include/pal_device_msgs/TimedFadeEffect.h
Symlinking /home/mc16766/tiago_public_ws/devel/include/pal_device_msgs/TimedBlinkEffectRequest.h
Symlinking /home/mc16766/tiago_public_ws/devel/include/pal_device_msgs/BatteryState.h
Symlinking /home/mc16766/tiago_public_ws/devel/include/pal_device_msgs/CancelEffect.h
Symlinking /home/mc16766/tiago_public_ws/devel/include/pal_device_msgs/TimedFadeEffectResponse.h
Symlinking /home/mc16766/tiago_public_ws/devel/include/pal_device_msgs/Bumper.h
Symlinking /home/mc16766/tiago_public_ws/devel/include/pal_device_msgs/TimedFadeEffectRequest.h
Symlinking /home/mc16766/tiago_public_ws/devel/include/pal_device_msgs/TimedColourEffectRequest.h
Symlinking /home/mc16766/tiago_public_ws/devel/include/pal_device_msgs/CancelEffectResponse.h
Symlinking /home/mc16766/tiago_public_ws/devel/include/pal_device_msgs/TimedColourEffectResponse.h
Symlinking /home/mc16766/tiago_public_ws/devel/include/pal_device_msgs/TimedColourEffect.h
Symlinking /home/mc16766/tiago_public_ws/devel/include/pal_device_msgs/CancelEffectRequest.h
Symlinking /home/mc16766/tiago_public_ws/devel/include/pal_device_msgs/TimedBlinkEffectResponse.h
Symlinking /home/mc16766/tiago_public_ws/devel/include/pal_device_msgs/TimedBlinkEffect.h
Symlinking /home/mc16766/tiago_public_ws/devel/share/common-lisp/ros/pal_device_msgs/srv/_package_TimedFadeEffect.lisp
Symlinking /home/mc16766/tiago_public_ws/devel/share/common-lisp/ros/pal_device_msgs/srv/_package.lisp
Symlinking /home/mc16766/tiago_public_ws/devel/share/common-lisp/ros/pal_device_msgs/srv/_package_TimedColourEffect.lisp
Symlinking /home/mc16766/tiago_public_ws/devel/share/common-lisp/ros/pal_device_msgs/srv/TimedFadeEffect.lisp
Symlinking /home/mc16766/tiago_public_ws/devel/share/common-lisp/ros/pal_device_msgs/srv/TimedColourEffect.lisp
Symlinking /home/mc16766/tiago_public_ws/devel/share/common-lisp/ros/pal_device_msgs/srv/CancelEffect.lisp
Symlinking /home/mc16766/tiago_public_ws/devel/share/common-lisp/ros/pal_device_msgs/srv/_package_CancelEffect.lisp
Symlinking /home/mc16766/tiago_public_ws/devel/share/common-lisp/ros/pal_device_msgs/srv/TimedBlinkEffect.lisp
Symlinking /home/mc16766/tiago_public_ws/devel/share/common-lisp/ros/pal_device_msgs/srv/pal_device_msgs-srv.asd
Symlinking /home/mc16766/tiago_public_ws/devel/share/common-lisp/ros/pal_device_msgs/srv/_package_TimedBlinkEffect.lisp
Symlinking /home/mc16766/tiago_public_ws/devel/share/common-lisp/ros/pal_device_msgs/msg/BatteryState.lisp
Symlinking /home/mc16766/tiago_public_ws/devel/share/common-lisp/ros/pal_device_msgs/msg/_package_Bumper.lisp
Symlinking /home/mc16766/tiago_public_ws/devel/share/common-lisp/ros/pal_device_msgs/msg/_package_LedGroup.lisp
Symlinking /home/mc16766/tiago_public_ws/devel/share/common-lisp/ros/pal_device_msgs/msg/_package.lisp
Symlinking /home/mc16766/tiago_public_ws/devel/share/common-lisp/ros/pal_device_msgs/msg/pal_device_msgs-msg.asd
Symlinking /home/mc16766/tiago_public_ws/devel/share/common-lisp/ros/pal_device_msgs/msg/LedGroup.lisp
Symlinking /home/mc16766/tiago_public_ws/devel/share/common-lisp/ros/pal_device_msgs/msg/Bumper.lisp
Symlinking /home/mc16766/tiago_public_ws/devel/share/common-lisp/ros/pal_device_msgs/msg/_package_BatteryState.lisp
Symlinking /home/mc16766/tiago_public_ws/devel/share/pal_device_msgs/cmake/pal_device_msgsConfig-version.cmake
Symlinking /home/mc16766/tiago_public_ws/devel/share/pal_device_msgs/cmake/pal_device_msgs-msg-extras.cmake
Symlinking /home/mc16766/tiago_public_ws/devel/share/pal_device_msgs/cmake/pal_device_msgsConfig.cmake
Symlinking /home/mc16766/tiago_public_ws/devel/share/pal_device_msgs/cmake/pal_device_msgs-msg-paths.cmake
Symlinking /home/mc16766/tiago_public_ws/devel/lib/pkgconfig/pal_device_msgs.pc
Symlinking /home/mc16766/tiago_public_ws/devel/lib/python2.7/dist-packages/pal_device_msgs/__init__.py
Symlinking /home/mc16766/tiago_public_ws/devel/lib/python2.7/dist-packages/pal_device_msgs/srv/_CancelEffect.py
Symlinking /home/mc16766/tiago_public_ws/devel/lib/python2.7/dist-packages/pal_device_msgs/srv/__init__.py
Symlinking /home/mc16766/tiago_public_ws/devel/lib/python2.7/dist-packages/pal_device_msgs/srv/_TimedBlinkEffect.py
Symlinking /home/mc16766/tiago_public_ws/devel/lib/python2.7/dist-packages/pal_device_msgs/srv/_TimedColourEffect.py
Symlinking /home/mc16766/tiago_public_ws/devel/lib/python2.7/dist-packages/pal_device_msgs/srv/_TimedFadeEffect.py
Symlinking /home/mc16766/tiago_public_ws/devel/lib/python2.7/dist-packages/pal_device_msgs/msg/_LedGroup.py
Symlinking /home/mc16766/tiago_public_ws/devel/lib/python2.7/dist-packages/pal_device_msgs/msg/__init__.py
Symlinking /home/mc16766/tiago_public_ws/devel/lib/python2.7/dist-packages/pal_device_msgs/msg/_Bumper.py
Symlinking /home/mc16766/tiago_public_ws/devel/lib/python2.7/dist-packages/pal_device_msgs/msg/_BatteryState.py
