Symlinking /home/mc16766/tiago_public_ws/devel/include/pal_interaction_msgs/TtsFeedback.h
Symlinking /home/mc16766/tiago_public_ws/devel/include/pal_interaction_msgs/SoundAction.h
Symlinking /home/mc16766/tiago_public_ws/devel/include/pal_interaction_msgs/ASRFileAction.h
Symlinking /home/mc16766/tiago_public_ws/devel/include/pal_interaction_msgs/TtsResult.h
Symlinking /home/mc16766/tiago_public_ws/devel/include/pal_interaction_msgs/ASRFileFeedback.h
Symlinking /home/mc16766/tiago_public_ws/devel/include/pal_interaction_msgs/TtsGoal.h
Symlinking /home/mc16766/tiago_public_ws/devel/include/pal_interaction_msgs/EnablingSoundLocalisation.h
Symlinking /home/mc16766/tiago_public_ws/devel/include/pal_interaction_msgs/SoundGoal.h
Symlinking /home/mc16766/tiago_public_ws/devel/include/pal_interaction_msgs/ASRFileActionFeedback.h
Symlinking /home/mc16766/tiago_public_ws/devel/include/pal_interaction_msgs/SoundActionFeedback.h
Symlinking /home/mc16766/tiago_public_ws/devel/include/pal_interaction_msgs/TTSstate.h
Symlinking /home/mc16766/tiago_public_ws/devel/include/pal_interaction_msgs/ASRFileActionResult.h
Symlinking /home/mc16766/tiago_public_ws/devel/include/pal_interaction_msgs/ASRServiceRequest.h
Symlinking /home/mc16766/tiago_public_ws/devel/include/pal_interaction_msgs/SoundLocalisationServiceRequest.h
Symlinking /home/mc16766/tiago_public_ws/devel/include/pal_interaction_msgs/TtsMark.h
Symlinking /home/mc16766/tiago_public_ws/devel/include/pal_interaction_msgs/ASRLanguage.h
Symlinking /home/mc16766/tiago_public_ws/devel/include/pal_interaction_msgs/ASRLangModelMngmt.h
Symlinking /home/mc16766/tiago_public_ws/devel/include/pal_interaction_msgs/ASRServiceResponse.h
Symlinking /home/mc16766/tiago_public_ws/devel/include/pal_interaction_msgs/recognizerServiceRequest.h
Symlinking /home/mc16766/tiago_public_ws/devel/include/pal_interaction_msgs/TtsAction.h
Symlinking /home/mc16766/tiago_public_ws/devel/include/pal_interaction_msgs/SoundFeedback.h
Symlinking /home/mc16766/tiago_public_ws/devel/include/pal_interaction_msgs/I18nText.h
Symlinking /home/mc16766/tiago_public_ws/devel/include/pal_interaction_msgs/ASRSrvResponse.h
Symlinking /home/mc16766/tiago_public_ws/devel/include/pal_interaction_msgs/ASRService.h
Symlinking /home/mc16766/tiago_public_ws/devel/include/pal_interaction_msgs/SoundLocalisationServiceResponse.h
Symlinking /home/mc16766/tiago_public_ws/devel/include/pal_interaction_msgs/recognizerServiceResponse.h
Symlinking /home/mc16766/tiago_public_ws/devel/include/pal_interaction_msgs/ASRActivation.h
Symlinking /home/mc16766/tiago_public_ws/devel/include/pal_interaction_msgs/SoundLocalisationService.h
Symlinking /home/mc16766/tiago_public_ws/devel/include/pal_interaction_msgs/ASRFileGoal.h
Symlinking /home/mc16766/tiago_public_ws/devel/include/pal_interaction_msgs/DirectionOfArrival.h
Symlinking /home/mc16766/tiago_public_ws/devel/include/pal_interaction_msgs/AudioDeviceDescription.h
Symlinking /home/mc16766/tiago_public_ws/devel/include/pal_interaction_msgs/ASRFileResult.h
Symlinking /home/mc16766/tiago_public_ws/devel/include/pal_interaction_msgs/recognizerService.h
Symlinking /home/mc16766/tiago_public_ws/devel/include/pal_interaction_msgs/ASREvent.h
Symlinking /home/mc16766/tiago_public_ws/devel/include/pal_interaction_msgs/ASRSrvRequest.h
Symlinking /home/mc16766/tiago_public_ws/devel/include/pal_interaction_msgs/asrupdate.h
Symlinking /home/mc16766/tiago_public_ws/devel/include/pal_interaction_msgs/TtsText.h
Symlinking /home/mc16766/tiago_public_ws/devel/include/pal_interaction_msgs/I18nArgument.h
Symlinking /home/mc16766/tiago_public_ws/devel/include/pal_interaction_msgs/SoundActionGoal.h
Symlinking /home/mc16766/tiago_public_ws/devel/include/pal_interaction_msgs/actiontag.h
Symlinking /home/mc16766/tiago_public_ws/devel/include/pal_interaction_msgs/TtsActionGoal.h
Symlinking /home/mc16766/tiago_public_ws/devel/include/pal_interaction_msgs/VoiceActivity.h
Symlinking /home/mc16766/tiago_public_ws/devel/include/pal_interaction_msgs/AudioPlayerState.h
Symlinking /home/mc16766/tiago_public_ws/devel/include/pal_interaction_msgs/asrresult.h
Symlinking /home/mc16766/tiago_public_ws/devel/include/pal_interaction_msgs/ASRFileActionGoal.h
Symlinking /home/mc16766/tiago_public_ws/devel/include/pal_interaction_msgs/SoundActionResult.h
Symlinking /home/mc16766/tiago_public_ws/devel/include/pal_interaction_msgs/audiosignal.h
Symlinking /home/mc16766/tiago_public_ws/devel/include/pal_interaction_msgs/ASRStatus.h
Symlinking /home/mc16766/tiago_public_ws/devel/include/pal_interaction_msgs/SoundResult.h
Symlinking /home/mc16766/tiago_public_ws/devel/include/pal_interaction_msgs/TtsActionResult.h
Symlinking /home/mc16766/tiago_public_ws/devel/include/pal_interaction_msgs/TtsActionFeedback.h
Symlinking /home/mc16766/tiago_public_ws/devel/include/pal_interaction_msgs/WebGuiEvent.h
Symlinking /home/mc16766/tiago_public_ws/devel/share/common-lisp/ros/pal_interaction_msgs/srv/_package_ASRService.lisp
Symlinking /home/mc16766/tiago_public_ws/devel/share/common-lisp/ros/pal_interaction_msgs/srv/_package.lisp
Symlinking /home/mc16766/tiago_public_ws/devel/share/common-lisp/ros/pal_interaction_msgs/srv/pal_interaction_msgs-srv.asd
Symlinking /home/mc16766/tiago_public_ws/devel/share/common-lisp/ros/pal_interaction_msgs/srv/_package_recognizerService.lisp
Symlinking /home/mc16766/tiago_public_ws/devel/share/common-lisp/ros/pal_interaction_msgs/srv/recognizerService.lisp
Symlinking /home/mc16766/tiago_public_ws/devel/share/common-lisp/ros/pal_interaction_msgs/srv/SoundLocalisationService.lisp
Symlinking /home/mc16766/tiago_public_ws/devel/share/common-lisp/ros/pal_interaction_msgs/srv/ASRService.lisp
Symlinking /home/mc16766/tiago_public_ws/devel/share/common-lisp/ros/pal_interaction_msgs/srv/_package_SoundLocalisationService.lisp
Symlinking /home/mc16766/tiago_public_ws/devel/share/common-lisp/ros/pal_interaction_msgs/msg/_package_EnablingSoundLocalisation.lisp
Symlinking /home/mc16766/tiago_public_ws/devel/share/common-lisp/ros/pal_interaction_msgs/msg/SoundAction.lisp
Symlinking /home/mc16766/tiago_public_ws/devel/share/common-lisp/ros/pal_interaction_msgs/msg/ASRFileActionGoal.lisp
Symlinking /home/mc16766/tiago_public_ws/devel/share/common-lisp/ros/pal_interaction_msgs/msg/_package_ASREvent.lisp
Symlinking /home/mc16766/tiago_public_ws/devel/share/common-lisp/ros/pal_interaction_msgs/msg/_package_ASRStatus.lisp
Symlinking /home/mc16766/tiago_public_ws/devel/share/common-lisp/ros/pal_interaction_msgs/msg/ASRFileResult.lisp
Symlinking /home/mc16766/tiago_public_ws/devel/share/common-lisp/ros/pal_interaction_msgs/msg/_package_audiosignal.lisp
Symlinking /home/mc16766/tiago_public_ws/devel/share/common-lisp/ros/pal_interaction_msgs/msg/_package_TtsActionFeedback.lisp
Symlinking /home/mc16766/tiago_public_ws/devel/share/common-lisp/ros/pal_interaction_msgs/msg/WebGuiEvent.lisp
Symlinking /home/mc16766/tiago_public_ws/devel/share/common-lisp/ros/pal_interaction_msgs/msg/_package_ASRFileResult.lisp
Symlinking /home/mc16766/tiago_public_ws/devel/share/common-lisp/ros/pal_interaction_msgs/msg/_package_ASRLanguage.lisp
Symlinking /home/mc16766/tiago_public_ws/devel/share/common-lisp/ros/pal_interaction_msgs/msg/_package.lisp
Symlinking /home/mc16766/tiago_public_ws/devel/share/common-lisp/ros/pal_interaction_msgs/msg/_package_TtsAction.lisp
Symlinking /home/mc16766/tiago_public_ws/devel/share/common-lisp/ros/pal_interaction_msgs/msg/ASRFileActionFeedback.lisp
Symlinking /home/mc16766/tiago_public_ws/devel/share/common-lisp/ros/pal_interaction_msgs/msg/_package_AudioDeviceDescription.lisp
Symlinking /home/mc16766/tiago_public_ws/devel/share/common-lisp/ros/pal_interaction_msgs/msg/_package_ASRFileActionGoal.lisp
Symlinking /home/mc16766/tiago_public_ws/devel/share/common-lisp/ros/pal_interaction_msgs/msg/_package_TtsFeedback.lisp
Symlinking /home/mc16766/tiago_public_ws/devel/share/common-lisp/ros/pal_interaction_msgs/msg/ASRFileAction.lisp
Symlinking /home/mc16766/tiago_public_ws/devel/share/common-lisp/ros/pal_interaction_msgs/msg/_package_TtsMark.lisp
Symlinking /home/mc16766/tiago_public_ws/devel/share/common-lisp/ros/pal_interaction_msgs/msg/SoundActionFeedback.lisp
Symlinking /home/mc16766/tiago_public_ws/devel/share/common-lisp/ros/pal_interaction_msgs/msg/_package_ASRFileFeedback.lisp
Symlinking /home/mc16766/tiago_public_ws/devel/share/common-lisp/ros/pal_interaction_msgs/msg/TtsActionGoal.lisp
Symlinking /home/mc16766/tiago_public_ws/devel/share/common-lisp/ros/pal_interaction_msgs/msg/I18nArgument.lisp
Symlinking /home/mc16766/tiago_public_ws/devel/share/common-lisp/ros/pal_interaction_msgs/msg/_package_TTSstate.lisp
Symlinking /home/mc16766/tiago_public_ws/devel/share/common-lisp/ros/pal_interaction_msgs/msg/ASRFileGoal.lisp
Symlinking /home/mc16766/tiago_public_ws/devel/share/common-lisp/ros/pal_interaction_msgs/msg/ASRSrvRequest.lisp
Symlinking /home/mc16766/tiago_public_ws/devel/share/common-lisp/ros/pal_interaction_msgs/msg/I18nText.lisp
Symlinking /home/mc16766/tiago_public_ws/devel/share/common-lisp/ros/pal_interaction_msgs/msg/SoundActionResult.lisp
Symlinking /home/mc16766/tiago_public_ws/devel/share/common-lisp/ros/pal_interaction_msgs/msg/ASREvent.lisp
Symlinking /home/mc16766/tiago_public_ws/devel/share/common-lisp/ros/pal_interaction_msgs/msg/ASRActivation.lisp
Symlinking /home/mc16766/tiago_public_ws/devel/share/common-lisp/ros/pal_interaction_msgs/msg/SoundResult.lisp
Symlinking /home/mc16766/tiago_public_ws/devel/share/common-lisp/ros/pal_interaction_msgs/msg/audiosignal.lisp
Symlinking /home/mc16766/tiago_public_ws/devel/share/common-lisp/ros/pal_interaction_msgs/msg/asrupdate.lisp
Symlinking /home/mc16766/tiago_public_ws/devel/share/common-lisp/ros/pal_interaction_msgs/msg/pal_interaction_msgs-msg.asd
Symlinking /home/mc16766/tiago_public_ws/devel/share/common-lisp/ros/pal_interaction_msgs/msg/_package_SoundAction.lisp
Symlinking /home/mc16766/tiago_public_ws/devel/share/common-lisp/ros/pal_interaction_msgs/msg/_package_SoundResult.lisp
Symlinking /home/mc16766/tiago_public_ws/devel/share/common-lisp/ros/pal_interaction_msgs/msg/_package_TtsGoal.lisp
Symlinking /home/mc16766/tiago_public_ws/devel/share/common-lisp/ros/pal_interaction_msgs/msg/_package_WebGuiEvent.lisp
Symlinking /home/mc16766/tiago_public_ws/devel/share/common-lisp/ros/pal_interaction_msgs/msg/ASRFileFeedback.lisp
Symlinking /home/mc16766/tiago_public_ws/devel/share/common-lisp/ros/pal_interaction_msgs/msg/TtsFeedback.lisp
Symlinking /home/mc16766/tiago_public_ws/devel/share/common-lisp/ros/pal_interaction_msgs/msg/_package_ASRFileActionResult.lisp
Symlinking /home/mc16766/tiago_public_ws/devel/share/common-lisp/ros/pal_interaction_msgs/msg/_package_TtsActionResult.lisp
Symlinking /home/mc16766/tiago_public_ws/devel/share/common-lisp/ros/pal_interaction_msgs/msg/AudioDeviceDescription.lisp
Symlinking /home/mc16766/tiago_public_ws/devel/share/common-lisp/ros/pal_interaction_msgs/msg/_package_SoundActionFeedback.lisp
Symlinking /home/mc16766/tiago_public_ws/devel/share/common-lisp/ros/pal_interaction_msgs/msg/ASRFileActionResult.lisp
Symlinking /home/mc16766/tiago_public_ws/devel/share/common-lisp/ros/pal_interaction_msgs/msg/_package_ASRActivation.lisp
Symlinking /home/mc16766/tiago_public_ws/devel/share/common-lisp/ros/pal_interaction_msgs/msg/_package_I18nText.lisp
Symlinking /home/mc16766/tiago_public_ws/devel/share/common-lisp/ros/pal_interaction_msgs/msg/TtsResult.lisp
Symlinking /home/mc16766/tiago_public_ws/devel/share/common-lisp/ros/pal_interaction_msgs/msg/_package_SoundActionGoal.lisp
Symlinking /home/mc16766/tiago_public_ws/devel/share/common-lisp/ros/pal_interaction_msgs/msg/_package_SoundFeedback.lisp
Symlinking /home/mc16766/tiago_public_ws/devel/share/common-lisp/ros/pal_interaction_msgs/msg/DirectionOfArrival.lisp
Symlinking /home/mc16766/tiago_public_ws/devel/share/common-lisp/ros/pal_interaction_msgs/msg/_package_ASRSrvRequest.lisp
Symlinking /home/mc16766/tiago_public_ws/devel/share/common-lisp/ros/pal_interaction_msgs/msg/_package_TtsText.lisp
Symlinking /home/mc16766/tiago_public_ws/devel/share/common-lisp/ros/pal_interaction_msgs/msg/actiontag.lisp
Symlinking /home/mc16766/tiago_public_ws/devel/share/common-lisp/ros/pal_interaction_msgs/msg/_package_ASRFileGoal.lisp
Symlinking /home/mc16766/tiago_public_ws/devel/share/common-lisp/ros/pal_interaction_msgs/msg/_package_SoundActionResult.lisp
Symlinking /home/mc16766/tiago_public_ws/devel/share/common-lisp/ros/pal_interaction_msgs/msg/_package_SoundGoal.lisp
Symlinking /home/mc16766/tiago_public_ws/devel/share/common-lisp/ros/pal_interaction_msgs/msg/TtsMark.lisp
Symlinking /home/mc16766/tiago_public_ws/devel/share/common-lisp/ros/pal_interaction_msgs/msg/TtsText.lisp
Symlinking /home/mc16766/tiago_public_ws/devel/share/common-lisp/ros/pal_interaction_msgs/msg/_package_ASRSrvResponse.lisp
Symlinking /home/mc16766/tiago_public_ws/devel/share/common-lisp/ros/pal_interaction_msgs/msg/AudioPlayerState.lisp
Symlinking /home/mc16766/tiago_public_ws/devel/share/common-lisp/ros/pal_interaction_msgs/msg/SoundFeedback.lisp
Symlinking /home/mc16766/tiago_public_ws/devel/share/common-lisp/ros/pal_interaction_msgs/msg/_package_I18nArgument.lisp
Symlinking /home/mc16766/tiago_public_ws/devel/share/common-lisp/ros/pal_interaction_msgs/msg/TtsActionFeedback.lisp
Symlinking /home/mc16766/tiago_public_ws/devel/share/common-lisp/ros/pal_interaction_msgs/msg/_package_DirectionOfArrival.lisp
Symlinking /home/mc16766/tiago_public_ws/devel/share/common-lisp/ros/pal_interaction_msgs/msg/_package_ASRLangModelMngmt.lisp
Symlinking /home/mc16766/tiago_public_ws/devel/share/common-lisp/ros/pal_interaction_msgs/msg/_package_TtsResult.lisp
Symlinking /home/mc16766/tiago_public_ws/devel/share/common-lisp/ros/pal_interaction_msgs/msg/_package_ASRFileActionFeedback.lisp
Symlinking /home/mc16766/tiago_public_ws/devel/share/common-lisp/ros/pal_interaction_msgs/msg/SoundActionGoal.lisp
Symlinking /home/mc16766/tiago_public_ws/devel/share/common-lisp/ros/pal_interaction_msgs/msg/_package_ASRFileAction.lisp
Symlinking /home/mc16766/tiago_public_ws/devel/share/common-lisp/ros/pal_interaction_msgs/msg/TtsGoal.lisp
Symlinking /home/mc16766/tiago_public_ws/devel/share/common-lisp/ros/pal_interaction_msgs/msg/_package_asrupdate.lisp
Symlinking /home/mc16766/tiago_public_ws/devel/share/common-lisp/ros/pal_interaction_msgs/msg/_package_actiontag.lisp
Symlinking /home/mc16766/tiago_public_ws/devel/share/common-lisp/ros/pal_interaction_msgs/msg/ASRSrvResponse.lisp
Symlinking /home/mc16766/tiago_public_ws/devel/share/common-lisp/ros/pal_interaction_msgs/msg/TTSstate.lisp
Symlinking /home/mc16766/tiago_public_ws/devel/share/common-lisp/ros/pal_interaction_msgs/msg/ASRLangModelMngmt.lisp
Symlinking /home/mc16766/tiago_public_ws/devel/share/common-lisp/ros/pal_interaction_msgs/msg/_package_VoiceActivity.lisp
Symlinking /home/mc16766/tiago_public_ws/devel/share/common-lisp/ros/pal_interaction_msgs/msg/EnablingSoundLocalisation.lisp
Symlinking /home/mc16766/tiago_public_ws/devel/share/common-lisp/ros/pal_interaction_msgs/msg/asrresult.lisp
Symlinking /home/mc16766/tiago_public_ws/devel/share/common-lisp/ros/pal_interaction_msgs/msg/_package_asrresult.lisp
Symlinking /home/mc16766/tiago_public_ws/devel/share/common-lisp/ros/pal_interaction_msgs/msg/VoiceActivity.lisp
Symlinking /home/mc16766/tiago_public_ws/devel/share/common-lisp/ros/pal_interaction_msgs/msg/_package_AudioPlayerState.lisp
Symlinking /home/mc16766/tiago_public_ws/devel/share/common-lisp/ros/pal_interaction_msgs/msg/ASRStatus.lisp
Symlinking /home/mc16766/tiago_public_ws/devel/share/common-lisp/ros/pal_interaction_msgs/msg/_package_TtsActionGoal.lisp
Symlinking /home/mc16766/tiago_public_ws/devel/share/common-lisp/ros/pal_interaction_msgs/msg/SoundGoal.lisp
Symlinking /home/mc16766/tiago_public_ws/devel/share/common-lisp/ros/pal_interaction_msgs/msg/TtsAction.lisp
Symlinking /home/mc16766/tiago_public_ws/devel/share/common-lisp/ros/pal_interaction_msgs/msg/TtsActionResult.lisp
Symlinking /home/mc16766/tiago_public_ws/devel/share/common-lisp/ros/pal_interaction_msgs/msg/ASRLanguage.lisp
Symlinking /home/mc16766/tiago_public_ws/devel/share/pal_interaction_msgs/cmake/pal_interaction_msgsConfig.cmake
Symlinking /home/mc16766/tiago_public_ws/devel/share/pal_interaction_msgs/cmake/pal_interaction_msgs-msg-extras.cmake
Symlinking /home/mc16766/tiago_public_ws/devel/share/pal_interaction_msgs/cmake/pal_interaction_msgs-msg-paths.cmake
Symlinking /home/mc16766/tiago_public_ws/devel/share/pal_interaction_msgs/cmake/pal_interaction_msgsConfig-version.cmake
Symlinking /home/mc16766/tiago_public_ws/devel/share/pal_interaction_msgs/msg/ASRFileAction.msg
Symlinking /home/mc16766/tiago_public_ws/devel/share/pal_interaction_msgs/msg/SoundGoal.msg
Symlinking /home/mc16766/tiago_public_ws/devel/share/pal_interaction_msgs/msg/TtsAction.msg
Symlinking /home/mc16766/tiago_public_ws/devel/share/pal_interaction_msgs/msg/TtsActionGoal.msg
Symlinking /home/mc16766/tiago_public_ws/devel/share/pal_interaction_msgs/msg/TtsActionResult.msg
Symlinking /home/mc16766/tiago_public_ws/devel/share/pal_interaction_msgs/msg/ASRFileActionResult.msg
Symlinking /home/mc16766/tiago_public_ws/devel/share/pal_interaction_msgs/msg/TtsActionFeedback.msg
Symlinking /home/mc16766/tiago_public_ws/devel/share/pal_interaction_msgs/msg/ASRFileGoal.msg
Symlinking /home/mc16766/tiago_public_ws/devel/share/pal_interaction_msgs/msg/SoundActionGoal.msg
Symlinking /home/mc16766/tiago_public_ws/devel/share/pal_interaction_msgs/msg/TtsResult.msg
Symlinking /home/mc16766/tiago_public_ws/devel/share/pal_interaction_msgs/msg/SoundActionResult.msg
Symlinking /home/mc16766/tiago_public_ws/devel/share/pal_interaction_msgs/msg/ASRFileActionGoal.msg
Symlinking /home/mc16766/tiago_public_ws/devel/share/pal_interaction_msgs/msg/ASRFileFeedback.msg
Symlinking /home/mc16766/tiago_public_ws/devel/share/pal_interaction_msgs/msg/SoundActionFeedback.msg
Symlinking /home/mc16766/tiago_public_ws/devel/share/pal_interaction_msgs/msg/ASRFileResult.msg
Symlinking /home/mc16766/tiago_public_ws/devel/share/pal_interaction_msgs/msg/TtsGoal.msg
Symlinking /home/mc16766/tiago_public_ws/devel/share/pal_interaction_msgs/msg/TtsFeedback.msg
Symlinking /home/mc16766/tiago_public_ws/devel/share/pal_interaction_msgs/msg/SoundAction.msg
Symlinking /home/mc16766/tiago_public_ws/devel/share/pal_interaction_msgs/msg/ASRFileActionFeedback.msg
Symlinking /home/mc16766/tiago_public_ws/devel/share/pal_interaction_msgs/msg/SoundResult.msg
Symlinking /home/mc16766/tiago_public_ws/devel/share/pal_interaction_msgs/msg/SoundFeedback.msg
Symlinking /home/mc16766/tiago_public_ws/devel/lib/pkgconfig/pal_interaction_msgs.pc
Symlinking /home/mc16766/tiago_public_ws/devel/lib/python2.7/dist-packages/pal_interaction_msgs/__init__.py
Symlinking /home/mc16766/tiago_public_ws/devel/lib/python2.7/dist-packages/pal_interaction_msgs/srv/_recognizerService.py
Symlinking /home/mc16766/tiago_public_ws/devel/lib/python2.7/dist-packages/pal_interaction_msgs/srv/__init__.py
Symlinking /home/mc16766/tiago_public_ws/devel/lib/python2.7/dist-packages/pal_interaction_msgs/srv/_ASRService.py
Symlinking /home/mc16766/tiago_public_ws/devel/lib/python2.7/dist-packages/pal_interaction_msgs/srv/_SoundLocalisationService.py
Symlinking /home/mc16766/tiago_public_ws/devel/lib/python2.7/dist-packages/pal_interaction_msgs/msg/_ASRStatus.py
Symlinking /home/mc16766/tiago_public_ws/devel/lib/python2.7/dist-packages/pal_interaction_msgs/msg/_TtsActionResult.py
Symlinking /home/mc16766/tiago_public_ws/devel/lib/python2.7/dist-packages/pal_interaction_msgs/msg/_ASRFileFeedback.py
Symlinking /home/mc16766/tiago_public_ws/devel/lib/python2.7/dist-packages/pal_interaction_msgs/msg/_SoundActionResult.py
Symlinking /home/mc16766/tiago_public_ws/devel/lib/python2.7/dist-packages/pal_interaction_msgs/msg/_AudioPlayerState.py
Symlinking /home/mc16766/tiago_public_ws/devel/lib/python2.7/dist-packages/pal_interaction_msgs/msg/_WebGuiEvent.py
Symlinking /home/mc16766/tiago_public_ws/devel/lib/python2.7/dist-packages/pal_interaction_msgs/msg/_ASRFileActionFeedback.py
Symlinking /home/mc16766/tiago_public_ws/devel/lib/python2.7/dist-packages/pal_interaction_msgs/msg/_EnablingSoundLocalisation.py
Symlinking /home/mc16766/tiago_public_ws/devel/lib/python2.7/dist-packages/pal_interaction_msgs/msg/_asrresult.py
Symlinking /home/mc16766/tiago_public_ws/devel/lib/python2.7/dist-packages/pal_interaction_msgs/msg/_ASRSrvResponse.py
Symlinking /home/mc16766/tiago_public_ws/devel/lib/python2.7/dist-packages/pal_interaction_msgs/msg/_ASRLangModelMngmt.py
Symlinking /home/mc16766/tiago_public_ws/devel/lib/python2.7/dist-packages/pal_interaction_msgs/msg/_ASRFileActionResult.py
Symlinking /home/mc16766/tiago_public_ws/devel/lib/python2.7/dist-packages/pal_interaction_msgs/msg/_SoundAction.py
Symlinking /home/mc16766/tiago_public_ws/devel/lib/python2.7/dist-packages/pal_interaction_msgs/msg/_SoundGoal.py
Symlinking /home/mc16766/tiago_public_ws/devel/lib/python2.7/dist-packages/pal_interaction_msgs/msg/_SoundActionGoal.py
Symlinking /home/mc16766/tiago_public_ws/devel/lib/python2.7/dist-packages/pal_interaction_msgs/msg/_I18nText.py
Symlinking /home/mc16766/tiago_public_ws/devel/lib/python2.7/dist-packages/pal_interaction_msgs/msg/_ASRSrvRequest.py
Symlinking /home/mc16766/tiago_public_ws/devel/lib/python2.7/dist-packages/pal_interaction_msgs/msg/_TtsGoal.py
Symlinking /home/mc16766/tiago_public_ws/devel/lib/python2.7/dist-packages/pal_interaction_msgs/msg/_TtsActionFeedback.py
Symlinking /home/mc16766/tiago_public_ws/devel/lib/python2.7/dist-packages/pal_interaction_msgs/msg/_SoundResult.py
Symlinking /home/mc16766/tiago_public_ws/devel/lib/python2.7/dist-packages/pal_interaction_msgs/msg/_ASRFileGoal.py
Symlinking /home/mc16766/tiago_public_ws/devel/lib/python2.7/dist-packages/pal_interaction_msgs/msg/_actiontag.py
Symlinking /home/mc16766/tiago_public_ws/devel/lib/python2.7/dist-packages/pal_interaction_msgs/msg/_TtsActionGoal.py
Symlinking /home/mc16766/tiago_public_ws/devel/lib/python2.7/dist-packages/pal_interaction_msgs/msg/_I18nArgument.py
Symlinking /home/mc16766/tiago_public_ws/devel/lib/python2.7/dist-packages/pal_interaction_msgs/msg/__init__.py
Symlinking /home/mc16766/tiago_public_ws/devel/lib/python2.7/dist-packages/pal_interaction_msgs/msg/_audiosignal.py
Symlinking /home/mc16766/tiago_public_ws/devel/lib/python2.7/dist-packages/pal_interaction_msgs/msg/_ASRFileAction.py
Symlinking /home/mc16766/tiago_public_ws/devel/lib/python2.7/dist-packages/pal_interaction_msgs/msg/_TTSstate.py
Symlinking /home/mc16766/tiago_public_ws/devel/lib/python2.7/dist-packages/pal_interaction_msgs/msg/_VoiceActivity.py
Symlinking /home/mc16766/tiago_public_ws/devel/lib/python2.7/dist-packages/pal_interaction_msgs/msg/_ASRFileActionGoal.py
Symlinking /home/mc16766/tiago_public_ws/devel/lib/python2.7/dist-packages/pal_interaction_msgs/msg/_SoundFeedback.py
Symlinking /home/mc16766/tiago_public_ws/devel/lib/python2.7/dist-packages/pal_interaction_msgs/msg/_TtsFeedback.py
Symlinking /home/mc16766/tiago_public_ws/devel/lib/python2.7/dist-packages/pal_interaction_msgs/msg/_ASRLanguage.py
Symlinking /home/mc16766/tiago_public_ws/devel/lib/python2.7/dist-packages/pal_interaction_msgs/msg/_TtsText.py
Symlinking /home/mc16766/tiago_public_ws/devel/lib/python2.7/dist-packages/pal_interaction_msgs/msg/_TtsResult.py
Symlinking /home/mc16766/tiago_public_ws/devel/lib/python2.7/dist-packages/pal_interaction_msgs/msg/_SoundActionFeedback.py
Symlinking /home/mc16766/tiago_public_ws/devel/lib/python2.7/dist-packages/pal_interaction_msgs/msg/_DirectionOfArrival.py
Symlinking /home/mc16766/tiago_public_ws/devel/lib/python2.7/dist-packages/pal_interaction_msgs/msg/_asrupdate.py
Symlinking /home/mc16766/tiago_public_ws/devel/lib/python2.7/dist-packages/pal_interaction_msgs/msg/_ASREvent.py
Symlinking /home/mc16766/tiago_public_ws/devel/lib/python2.7/dist-packages/pal_interaction_msgs/msg/_AudioDeviceDescription.py
Symlinking /home/mc16766/tiago_public_ws/devel/lib/python2.7/dist-packages/pal_interaction_msgs/msg/_ASRActivation.py
Symlinking /home/mc16766/tiago_public_ws/devel/lib/python2.7/dist-packages/pal_interaction_msgs/msg/_TtsAction.py
Symlinking /home/mc16766/tiago_public_ws/devel/lib/python2.7/dist-packages/pal_interaction_msgs/msg/_ASRFileResult.py
Symlinking /home/mc16766/tiago_public_ws/devel/lib/python2.7/dist-packages/pal_interaction_msgs/msg/_TtsMark.py
