Determining if the pthread_create exist failed with the following output:
Change Dir: /home/mc16766/tiago_public_ws/build/hey5_description/CMakeFiles/CMakeTmp

Run Build Command:/usr/bin/make "cmTryCompileExec4121874343/fast"
/usr/bin/make -f CMakeFiles/cmTryCompileExec4121874343.dir/build.make CMakeFiles/cmTryCompileExec4121874343.dir/build
make[1]: Entering directory `/home/mc16766/tiago_public_ws/build/hey5_description/CMakeFiles/CMakeTmp'
/usr/bin/cmake -E cmake_progress_report /home/mc16766/tiago_public_ws/build/hey5_description/CMakeFiles/CMakeTmp/CMakeFiles 1
Building C object CMakeFiles/cmTryCompileExec4121874343.dir/CheckSymbolExists.c.o
/usr/bin/cc    -o CMakeFiles/cmTryCompileExec4121874343.dir/CheckSymbolExists.c.o   -c /home/mc16766/tiago_public_ws/build/hey5_description/CMakeFiles/CMakeTmp/CheckSymbolExists.c
Linking C executable cmTryCompileExec4121874343
/usr/bin/cmake -E cmake_link_script CMakeFiles/cmTryCompileExec4121874343.dir/link.txt --verbose=1
/usr/bin/cc       CMakeFiles/cmTryCompileExec4121874343.dir/CheckSymbolExists.c.o  -o cmTryCompileExec4121874343 -rdynamic 
CMakeFiles/cmTryCompileExec4121874343.dir/CheckSymbolExists.c.o: In function `main':
CheckSymbolExists.c:(.text+0x16): undefined reference to `pthread_create'
collect2: error: ld returned 1 exit status
make[1]: Leaving directory `/home/mc16766/tiago_public_ws/build/hey5_description/CMakeFiles/CMakeTmp'
make[1]: *** [cmTryCompileExec4121874343] Error 1
make: *** [cmTryCompileExec4121874343/fast] Error 2

File /home/mc16766/tiago_public_ws/build/hey5_description/CMakeFiles/CMakeTmp/CheckSymbolExists.c:
/* */
#include <pthread.h>

int main(int argc, char** argv)
{
  (void)argv;
#ifndef pthread_create
  return ((int*)(&pthread_create))[argc];
#else
  (void)argc;
  return 0;
#endif
}

Determining if the function pthread_create exists in the pthreads failed with the following output:
Change Dir: /home/mc16766/tiago_public_ws/build/hey5_description/CMakeFiles/CMakeTmp

Run Build Command:/usr/bin/make "cmTryCompileExec2741151753/fast"
/usr/bin/make -f CMakeFiles/cmTryCompileExec2741151753.dir/build.make CMakeFiles/cmTryCompileExec2741151753.dir/build
make[1]: Entering directory `/home/mc16766/tiago_public_ws/build/hey5_description/CMakeFiles/CMakeTmp'
/usr/bin/cmake -E cmake_progress_report /home/mc16766/tiago_public_ws/build/hey5_description/CMakeFiles/CMakeTmp/CMakeFiles 1
Building C object CMakeFiles/cmTryCompileExec2741151753.dir/CheckFunctionExists.c.o
/usr/bin/cc   -DCHECK_FUNCTION_EXISTS=pthread_create   -o CMakeFiles/cmTryCompileExec2741151753.dir/CheckFunctionExists.c.o   -c /usr/share/cmake-2.8/Modules/CheckFunctionExists.c
Linking C executable cmTryCompileExec2741151753
/usr/bin/cmake -E cmake_link_script CMakeFiles/cmTryCompileExec2741151753.dir/link.txt --verbose=1
/usr/bin/cc   -DCHECK_FUNCTION_EXISTS=pthread_create    CMakeFiles/cmTryCompileExec2741151753.dir/CheckFunctionExists.c.o  -o cmTryCompileExec2741151753 -rdynamic -lpthreads 
/usr/bin/ld: cannot find -lpthreads
collect2: error: ld returned 1 exit status
make[1]: *** [cmTryCompileExec2741151753] Error 1
make[1]: Leaving directory `/home/mc16766/tiago_public_ws/build/hey5_description/CMakeFiles/CMakeTmp'
make: *** [cmTryCompileExec2741151753/fast] Error 2


