Determining if the pthread_create exist failed with the following output:
Change Dir: /home/mc16766/tiago_public_ws/build/pmb2_controller_configuration_gazebo/CMakeFiles/CMakeTmp

Run Build Command:/usr/bin/make "cmTryCompileExec394465267/fast"
/usr/bin/make -f CMakeFiles/cmTryCompileExec394465267.dir/build.make CMakeFiles/cmTryCompileExec394465267.dir/build
make[1]: Entering directory `/home/mc16766/tiago_public_ws/build/pmb2_controller_configuration_gazebo/CMakeFiles/CMakeTmp'
/usr/bin/cmake -E cmake_progress_report /home/mc16766/tiago_public_ws/build/pmb2_controller_configuration_gazebo/CMakeFiles/CMakeTmp/CMakeFiles 1
Building C object CMakeFiles/cmTryCompileExec394465267.dir/CheckSymbolExists.c.o
/usr/bin/cc    -o CMakeFiles/cmTryCompileExec394465267.dir/CheckSymbolExists.c.o   -c /home/mc16766/tiago_public_ws/build/pmb2_controller_configuration_gazebo/CMakeFiles/CMakeTmp/CheckSymbolExists.c
Linking C executable cmTryCompileExec394465267
/usr/bin/cmake -E cmake_link_script CMakeFiles/cmTryCompileExec394465267.dir/link.txt --verbose=1
/usr/bin/cc       CMakeFiles/cmTryCompileExec394465267.dir/CheckSymbolExists.c.o  -o cmTryCompileExec394465267 -rdynamic 
CMakeFiles/cmTryCompileExec394465267.dir/CheckSymbolExists.c.o: In function `main':
CheckSymbolExists.c:(.text+0x16): undefined reference to `pthread_create'
collect2: error: ld returned 1 exit status
make[1]: Leaving directory `/home/mc16766/tiago_public_ws/build/pmb2_controller_configuration_gazebo/CMakeFiles/CMakeTmp'
make[1]: *** [cmTryCompileExec394465267] Error 1
make: *** [cmTryCompileExec394465267/fast] Error 2

File /home/mc16766/tiago_public_ws/build/pmb2_controller_configuration_gazebo/CMakeFiles/CMakeTmp/CheckSymbolExists.c:
/* */
#include <pthread.h>

int main(int argc, char** argv)
{
  (void)argv;
#ifndef pthread_create
  return ((int*)(&pthread_create))[argc];
#else
  (void)argc;
  return 0;
#endif
}

Determining if the function pthread_create exists in the pthreads failed with the following output:
Change Dir: /home/mc16766/tiago_public_ws/build/pmb2_controller_configuration_gazebo/CMakeFiles/CMakeTmp

Run Build Command:/usr/bin/make "cmTryCompileExec68461543/fast"
/usr/bin/make -f CMakeFiles/cmTryCompileExec68461543.dir/build.make CMakeFiles/cmTryCompileExec68461543.dir/build
make[1]: Entering directory `/home/mc16766/tiago_public_ws/build/pmb2_controller_configuration_gazebo/CMakeFiles/CMakeTmp'
/usr/bin/cmake -E cmake_progress_report /home/mc16766/tiago_public_ws/build/pmb2_controller_configuration_gazebo/CMakeFiles/CMakeTmp/CMakeFiles 1
Building C object CMakeFiles/cmTryCompileExec68461543.dir/CheckFunctionExists.c.o
/usr/bin/cc   -DCHECK_FUNCTION_EXISTS=pthread_create   -o CMakeFiles/cmTryCompileExec68461543.dir/CheckFunctionExists.c.o   -c /usr/share/cmake-2.8/Modules/CheckFunctionExists.c
Linking C executable cmTryCompileExec68461543
/usr/bin/cmake -E cmake_link_script CMakeFiles/cmTryCompileExec68461543.dir/link.txt --verbose=1
/usr/bin/cc   -DCHECK_FUNCTION_EXISTS=pthread_create    CMakeFiles/cmTryCompileExec68461543.dir/CheckFunctionExists.c.o  -o cmTryCompileExec68461543 -rdynamic -lpthreads 
/usr/bin/ld: cannot find -lpthreads
collect2: error: ld returned 1 exit status
make[1]: Leaving directory `/home/mc16766/tiago_public_ws/build/pmb2_controller_configuration_gazebo/CMakeFiles/CMakeTmp'
make[1]: *** [cmTryCompileExec68461543] Error 1
make: *** [cmTryCompileExec68461543/fast] Error 2


