[35m[1mScanning dependencies of target _pal_common_msgs_generate_messages_check_deps_EmptyActionResult
[0m[  0%] Built target _pal_common_msgs_generate_messages_check_deps_EmptyActionResult
[35m[1mScanning dependencies of target _pal_common_msgs_generate_messages_check_deps_DisableResult
[0m[  0%] Built target _pal_common_msgs_generate_messages_check_deps_DisableResult
[35m[1mScanning dependencies of target actionlib_msgs_generate_messages_py
[0m[  0%] Built target actionlib_msgs_generate_messages_py
[35m[1mScanning dependencies of target std_msgs_generate_messages_py
[0m[  0%] Built target std_msgs_generate_messages_py
[35m[1mScanning dependencies of target _pal_common_msgs_generate_messages_check_deps_DisableAction
[0m[  0%] Built target _pal_common_msgs_generate_messages_check_deps_DisableAction
[35m[1mScanning dependencies of target _pal_common_msgs_generate_messages_check_deps_DisableActionGoal
[0m[  0%] Built target _pal_common_msgs_generate_messages_check_deps_DisableActionGoal
[35m[1mScanning dependencies of target _pal_common_msgs_generate_messages_check_deps_DisableActionFeedback
[0m[  0%] Built target _pal_common_msgs_generate_messages_check_deps_DisableActionFeedback
[35m[1mScanning dependencies of target _pal_common_msgs_generate_messages_check_deps_EmptyActionGoal
[0m[  0%] Built target _pal_common_msgs_generate_messages_check_deps_EmptyActionGoal
[35m[1mScanning dependencies of target _pal_common_msgs_generate_messages_check_deps_DisableActionResult
[0m[  0%] Built target _pal_common_msgs_generate_messages_check_deps_DisableActionResult
[35m[1mScanning dependencies of target _pal_common_msgs_generate_messages_check_deps_EmptyActionFeedback
[0m[  0%] Built target _pal_common_msgs_generate_messages_check_deps_EmptyActionFeedback
[35m[1mScanning dependencies of target _pal_common_msgs_generate_messages_check_deps_EmptyAction
[0m[  0%] Built target _pal_common_msgs_generate_messages_check_deps_EmptyAction
[35m[1mScanning dependencies of target _pal_common_msgs_generate_messages_check_deps_EmptyResult
[0m[  0%] Built target _pal_common_msgs_generate_messages_check_deps_EmptyResult
[35m[1mScanning dependencies of target _pal_common_msgs_generate_messages_check_deps_DisableGoal
[0m[  0%] Built target _pal_common_msgs_generate_messages_check_deps_DisableGoal
[35m[1mScanning dependencies of target _pal_common_msgs_generate_messages_check_deps_EmptyFeedback
[0m[  0%] Built target _pal_common_msgs_generate_messages_check_deps_EmptyFeedback
[35m[1mScanning dependencies of target _pal_common_msgs_generate_messages_check_deps_JointCurrent
[0m[  0%] Built target _pal_common_msgs_generate_messages_check_deps_JointCurrent
[35m[1mScanning dependencies of target _pal_common_msgs_generate_messages_check_deps_DisableFeedback
[0m[  0%] Built target _pal_common_msgs_generate_messages_check_deps_DisableFeedback
[35m[1mScanning dependencies of target _pal_common_msgs_generate_messages_check_deps_EmptyGoal
[0m[  0%] Built target _pal_common_msgs_generate_messages_check_deps_EmptyGoal
[35m[1mScanning dependencies of target actionlib_msgs_generate_messages_cpp
[0m[  0%] Built target actionlib_msgs_generate_messages_cpp
[35m[1mScanning dependencies of target std_msgs_generate_messages_cpp
[0m[  0%] Built target std_msgs_generate_messages_cpp
[35m[1mScanning dependencies of target actionlib_msgs_generate_messages_lisp
[0m[  0%] Built target actionlib_msgs_generate_messages_lisp
[35m[1mScanning dependencies of target std_msgs_generate_messages_lisp
[0m[  0%] Built target std_msgs_generate_messages_lisp
[35m[1mScanning dependencies of target pal_common_msgs_generate_messages_py
[0m[  2%] [34m[1mGenerating Python from MSG pal_common_msgs/DisableActionGoal
[0m[  4%] [34m[1mGenerating Python from MSG pal_common_msgs/EmptyActionResult
[0m[  6%] [34m[1mGenerating Python from MSG pal_common_msgs/DisableResult
[0m[  8%] [34m[1mGenerating Python from MSG pal_common_msgs/DisableAction
[0m[ 10%] [34m[1mGenerating Python from MSG pal_common_msgs/EmptyResult
[0m[ 13%] [34m[1mGenerating Python from MSG pal_common_msgs/DisableFeedback
[0m[ 15%] [34m[1mGenerating Python from MSG pal_common_msgs/EmptyActionGoal
[0m[ 17%] [34m[1mGenerating Python from MSG pal_common_msgs/DisableActionFeedback
[0m[ 19%] [34m[1mGenerating Python from MSG pal_common_msgs/DisableActionResult
[0m[ 21%] [34m[1mGenerating Python from MSG pal_common_msgs/EmptyFeedback
[0m[ 23%] [34m[1mGenerating Python from MSG pal_common_msgs/EmptyActionFeedback
[0m[ 26%] [34m[1mGenerating Python from MSG pal_common_msgs/EmptyAction
[0m[ 28%] [34m[1mGenerating Python from MSG pal_common_msgs/JointCurrent
[0m[ 30%] [34m[1mGenerating Python from MSG pal_common_msgs/DisableGoal
[0m[ 32%] [34m[1mGenerating Python from MSG pal_common_msgs/EmptyGoal
[0m[ 34%] [34m[1mGenerating Python msg __init__.py for pal_common_msgs
[0m[ 34%] Built target pal_common_msgs_generate_messages_py
[35m[1mScanning dependencies of target pal_common_msgs_generate_messages_cpp
[0m[ 36%] [34m[1mGenerating C++ code from pal_common_msgs/DisableActionGoal.msg
[0m[ 39%] [34m[1mGenerating C++ code from pal_common_msgs/EmptyActionResult.msg
[0m[ 41%] [34m[1mGenerating C++ code from pal_common_msgs/DisableResult.msg
[0m[ 43%] [34m[1mGenerating C++ code from pal_common_msgs/DisableAction.msg
[0m[ 45%] [34m[1mGenerating C++ code from pal_common_msgs/EmptyResult.msg
[0m[ 47%] [34m[1mGenerating C++ code from pal_common_msgs/DisableFeedback.msg
[0m[ 50%] [34m[1mGenerating C++ code from pal_common_msgs/EmptyActionGoal.msg
[0m[ 52%] [34m[1mGenerating C++ code from pal_common_msgs/DisableActionFeedback.msg
[0m[ 54%] [34m[1mGenerating C++ code from pal_common_msgs/DisableActionResult.msg
[0m[ 56%] [34m[1mGenerating C++ code from pal_common_msgs/EmptyFeedback.msg
[0m[ 58%] [34m[1mGenerating C++ code from pal_common_msgs/EmptyActionFeedback.msg
[0m[ 60%] [34m[1mGenerating C++ code from pal_common_msgs/EmptyAction.msg
[0m[ 63%] [34m[1mGenerating C++ code from pal_common_msgs/JointCurrent.msg
[0m[ 65%] [34m[1mGenerating C++ code from pal_common_msgs/DisableGoal.msg
[0m[ 67%] [34m[1mGenerating C++ code from pal_common_msgs/EmptyGoal.msg
[0m[35m[1mScanning dependencies of target pal_common_msgs_generate_messages_lisp
[0m[ 69%] [34m[1mGenerating Lisp code from pal_common_msgs/DisableActionGoal.msg
[0m[ 69%] Built target pal_common_msgs_generate_messages_cpp
[ 73%] [ 73%] [34m[1mGenerating Lisp code from pal_common_msgs/DisableResult.msg
[0m[34m[1mGenerating Lisp code from pal_common_msgs/EmptyActionResult.msg
[0m[ 76%] [34m[1mGenerating Lisp code from pal_common_msgs/DisableAction.msg
[0m[ 78%] [34m[1mGenerating Lisp code from pal_common_msgs/EmptyResult.msg
[0m[ 80%] [ 82%] [34m[1mGenerating Lisp code from pal_common_msgs/EmptyActionGoal.msg
[0m[34m[1mGenerating Lisp code from pal_common_msgs/DisableFeedback.msg
[0m[ 84%] [34m[1mGenerating Lisp code from pal_common_msgs/DisableActionFeedback.msg
[ 86%] [0m[34m[1mGenerating Lisp code from pal_common_msgs/DisableActionResult.msg
[0m[ 89%] [34m[1mGenerating Lisp code from pal_common_msgs/EmptyFeedback.msg
[0m[ 91%] [34m[1mGenerating Lisp code from pal_common_msgs/EmptyActionFeedback.msg
[0m[ 93%] [34m[1mGenerating Lisp code from pal_common_msgs/EmptyAction.msg
[0m[ 95%] [34m[1mGenerating Lisp code from pal_common_msgs/JointCurrent.msg
[0m[ 97%] [34m[1mGenerating Lisp code from pal_common_msgs/DisableGoal.msg
[0m[100%] [34m[1mGenerating Lisp code from pal_common_msgs/EmptyGoal.msg
[0m[100%] Built target pal_common_msgs_generate_messages_lisp
[35m[1mScanning dependencies of target pal_common_msgs_generate_messages
[0m[100%] Built target pal_common_msgs_generate_messages
