Symlinking /home/mc16766/tiago_public_ws/devel/include/pal_common_msgs/DisableResult.h
Symlinking /home/mc16766/tiago_public_ws/devel/include/pal_common_msgs/DisableActionGoal.h
Symlinking /home/mc16766/tiago_public_ws/devel/include/pal_common_msgs/EmptyActionFeedback.h
Symlinking /home/mc16766/tiago_public_ws/devel/include/pal_common_msgs/DisableGoal.h
Symlinking /home/mc16766/tiago_public_ws/devel/include/pal_common_msgs/DisableActionResult.h
Symlinking /home/mc16766/tiago_public_ws/devel/include/pal_common_msgs/JointCurrent.h
Symlinking /home/mc16766/tiago_public_ws/devel/include/pal_common_msgs/EmptyActionResult.h
Symlinking /home/mc16766/tiago_public_ws/devel/include/pal_common_msgs/EmptyActionGoal.h
Symlinking /home/mc16766/tiago_public_ws/devel/include/pal_common_msgs/DisableAction.h
Symlinking /home/mc16766/tiago_public_ws/devel/include/pal_common_msgs/EmptyResult.h
Symlinking /home/mc16766/tiago_public_ws/devel/include/pal_common_msgs/EmptyAction.h
Symlinking /home/mc16766/tiago_public_ws/devel/include/pal_common_msgs/DisableFeedback.h
Symlinking /home/mc16766/tiago_public_ws/devel/include/pal_common_msgs/EmptyGoal.h
Symlinking /home/mc16766/tiago_public_ws/devel/include/pal_common_msgs/DisableActionFeedback.h
Symlinking /home/mc16766/tiago_public_ws/devel/include/pal_common_msgs/EmptyFeedback.h
Symlinking /home/mc16766/tiago_public_ws/devel/share/pal_common_msgs/cmake/pal_common_msgsConfig.cmake
Symlinking /home/mc16766/tiago_public_ws/devel/share/pal_common_msgs/cmake/pal_common_msgsConfig-version.cmake
Symlinking /home/mc16766/tiago_public_ws/devel/share/pal_common_msgs/cmake/pal_common_msgs-msg-paths.cmake
Symlinking /home/mc16766/tiago_public_ws/devel/share/pal_common_msgs/cmake/pal_common_msgs-msg-extras.cmake
Symlinking /home/mc16766/tiago_public_ws/devel/share/pal_common_msgs/msg/DisableResult.msg
Symlinking /home/mc16766/tiago_public_ws/devel/share/pal_common_msgs/msg/EmptyGoal.msg
Symlinking /home/mc16766/tiago_public_ws/devel/share/pal_common_msgs/msg/EmptyActionResult.msg
Symlinking /home/mc16766/tiago_public_ws/devel/share/pal_common_msgs/msg/EmptyActionGoal.msg
Symlinking /home/mc16766/tiago_public_ws/devel/share/pal_common_msgs/msg/DisableActionGoal.msg
Symlinking /home/mc16766/tiago_public_ws/devel/share/pal_common_msgs/msg/EmptyAction.msg
Symlinking /home/mc16766/tiago_public_ws/devel/share/pal_common_msgs/msg/DisableGoal.msg
Symlinking /home/mc16766/tiago_public_ws/devel/share/pal_common_msgs/msg/EmptyResult.msg
Symlinking /home/mc16766/tiago_public_ws/devel/share/pal_common_msgs/msg/DisableFeedback.msg
Symlinking /home/mc16766/tiago_public_ws/devel/share/pal_common_msgs/msg/DisableActionFeedback.msg
Symlinking /home/mc16766/tiago_public_ws/devel/share/pal_common_msgs/msg/EmptyFeedback.msg
Symlinking /home/mc16766/tiago_public_ws/devel/share/pal_common_msgs/msg/DisableActionResult.msg
Symlinking /home/mc16766/tiago_public_ws/devel/share/pal_common_msgs/msg/EmptyActionFeedback.msg
Symlinking /home/mc16766/tiago_public_ws/devel/share/pal_common_msgs/msg/DisableAction.msg
Symlinking /home/mc16766/tiago_public_ws/devel/share/common-lisp/ros/pal_common_msgs/msg/pal_common_msgs-msg.asd
Symlinking /home/mc16766/tiago_public_ws/devel/share/common-lisp/ros/pal_common_msgs/msg/DisableActionFeedback.lisp
Symlinking /home/mc16766/tiago_public_ws/devel/share/common-lisp/ros/pal_common_msgs/msg/_package.lisp
Symlinking /home/mc16766/tiago_public_ws/devel/share/common-lisp/ros/pal_common_msgs/msg/_package_DisableAction.lisp
Symlinking /home/mc16766/tiago_public_ws/devel/share/common-lisp/ros/pal_common_msgs/msg/_package_EmptyGoal.lisp
Symlinking /home/mc16766/tiago_public_ws/devel/share/common-lisp/ros/pal_common_msgs/msg/_package_DisableActionResult.lisp
Symlinking /home/mc16766/tiago_public_ws/devel/share/common-lisp/ros/pal_common_msgs/msg/DisableResult.lisp
Symlinking /home/mc16766/tiago_public_ws/devel/share/common-lisp/ros/pal_common_msgs/msg/_package_EmptyAction.lisp
Symlinking /home/mc16766/tiago_public_ws/devel/share/common-lisp/ros/pal_common_msgs/msg/DisableAction.lisp
Symlinking /home/mc16766/tiago_public_ws/devel/share/common-lisp/ros/pal_common_msgs/msg/_package_EmptyActionGoal.lisp
Symlinking /home/mc16766/tiago_public_ws/devel/share/common-lisp/ros/pal_common_msgs/msg/_package_DisableGoal.lisp
Symlinking /home/mc16766/tiago_public_ws/devel/share/common-lisp/ros/pal_common_msgs/msg/EmptyActionFeedback.lisp
Symlinking /home/mc16766/tiago_public_ws/devel/share/common-lisp/ros/pal_common_msgs/msg/EmptyFeedback.lisp
Symlinking /home/mc16766/tiago_public_ws/devel/share/common-lisp/ros/pal_common_msgs/msg/DisableFeedback.lisp
Symlinking /home/mc16766/tiago_public_ws/devel/share/common-lisp/ros/pal_common_msgs/msg/DisableActionResult.lisp
Symlinking /home/mc16766/tiago_public_ws/devel/share/common-lisp/ros/pal_common_msgs/msg/_package_DisableActionFeedback.lisp
Symlinking /home/mc16766/tiago_public_ws/devel/share/common-lisp/ros/pal_common_msgs/msg/DisableActionGoal.lisp
Symlinking /home/mc16766/tiago_public_ws/devel/share/common-lisp/ros/pal_common_msgs/msg/_package_DisableFeedback.lisp
Symlinking /home/mc16766/tiago_public_ws/devel/share/common-lisp/ros/pal_common_msgs/msg/_package_DisableResult.lisp
Symlinking /home/mc16766/tiago_public_ws/devel/share/common-lisp/ros/pal_common_msgs/msg/_package_EmptyResult.lisp
Symlinking /home/mc16766/tiago_public_ws/devel/share/common-lisp/ros/pal_common_msgs/msg/_package_EmptyActionFeedback.lisp
Symlinking /home/mc16766/tiago_public_ws/devel/share/common-lisp/ros/pal_common_msgs/msg/EmptyResult.lisp
Symlinking /home/mc16766/tiago_public_ws/devel/share/common-lisp/ros/pal_common_msgs/msg/JointCurrent.lisp
Symlinking /home/mc16766/tiago_public_ws/devel/share/common-lisp/ros/pal_common_msgs/msg/_package_JointCurrent.lisp
Symlinking /home/mc16766/tiago_public_ws/devel/share/common-lisp/ros/pal_common_msgs/msg/_package_DisableActionGoal.lisp
Symlinking /home/mc16766/tiago_public_ws/devel/share/common-lisp/ros/pal_common_msgs/msg/DisableGoal.lisp
Symlinking /home/mc16766/tiago_public_ws/devel/share/common-lisp/ros/pal_common_msgs/msg/EmptyActionGoal.lisp
Symlinking /home/mc16766/tiago_public_ws/devel/share/common-lisp/ros/pal_common_msgs/msg/EmptyActionResult.lisp
Symlinking /home/mc16766/tiago_public_ws/devel/share/common-lisp/ros/pal_common_msgs/msg/EmptyAction.lisp
Symlinking /home/mc16766/tiago_public_ws/devel/share/common-lisp/ros/pal_common_msgs/msg/_package_EmptyActionResult.lisp
Symlinking /home/mc16766/tiago_public_ws/devel/share/common-lisp/ros/pal_common_msgs/msg/_package_EmptyFeedback.lisp
Symlinking /home/mc16766/tiago_public_ws/devel/share/common-lisp/ros/pal_common_msgs/msg/EmptyGoal.lisp
Symlinking /home/mc16766/tiago_public_ws/devel/lib/pkgconfig/pal_common_msgs.pc
Symlinking /home/mc16766/tiago_public_ws/devel/lib/python2.7/dist-packages/pal_common_msgs/__init__.py
Symlinking /home/mc16766/tiago_public_ws/devel/lib/python2.7/dist-packages/pal_common_msgs/msg/_EmptyActionResult.py
Symlinking /home/mc16766/tiago_public_ws/devel/lib/python2.7/dist-packages/pal_common_msgs/msg/_EmptyAction.py
Symlinking /home/mc16766/tiago_public_ws/devel/lib/python2.7/dist-packages/pal_common_msgs/msg/_DisableResult.py
Symlinking /home/mc16766/tiago_public_ws/devel/lib/python2.7/dist-packages/pal_common_msgs/msg/_EmptyFeedback.py
Symlinking /home/mc16766/tiago_public_ws/devel/lib/python2.7/dist-packages/pal_common_msgs/msg/_EmptyGoal.py
Symlinking /home/mc16766/tiago_public_ws/devel/lib/python2.7/dist-packages/pal_common_msgs/msg/_DisableGoal.py
Symlinking /home/mc16766/tiago_public_ws/devel/lib/python2.7/dist-packages/pal_common_msgs/msg/__init__.py
Symlinking /home/mc16766/tiago_public_ws/devel/lib/python2.7/dist-packages/pal_common_msgs/msg/_DisableAction.py
Symlinking /home/mc16766/tiago_public_ws/devel/lib/python2.7/dist-packages/pal_common_msgs/msg/_DisableActionResult.py
Symlinking /home/mc16766/tiago_public_ws/devel/lib/python2.7/dist-packages/pal_common_msgs/msg/_DisableFeedback.py
Symlinking /home/mc16766/tiago_public_ws/devel/lib/python2.7/dist-packages/pal_common_msgs/msg/_DisableActionGoal.py
Symlinking /home/mc16766/tiago_public_ws/devel/lib/python2.7/dist-packages/pal_common_msgs/msg/_EmptyActionFeedback.py
Symlinking /home/mc16766/tiago_public_ws/devel/lib/python2.7/dist-packages/pal_common_msgs/msg/_DisableActionFeedback.py
Symlinking /home/mc16766/tiago_public_ws/devel/lib/python2.7/dist-packages/pal_common_msgs/msg/_EmptyResult.py
Symlinking /home/mc16766/tiago_public_ws/devel/lib/python2.7/dist-packages/pal_common_msgs/msg/_JointCurrent.py
Symlinking /home/mc16766/tiago_public_ws/devel/lib/python2.7/dist-packages/pal_common_msgs/msg/_EmptyActionGoal.py
