Determining if the pthread_create exist failed with the following output:
Change Dir: /home/mc16766/tiago_public_ws/build/tf_lookup/CMakeFiles/CMakeTmp

Run Build Command:/usr/bin/make "cmTryCompileExec4240840574/fast"
/usr/bin/make -f CMakeFiles/cmTryCompileExec4240840574.dir/build.make CMakeFiles/cmTryCompileExec4240840574.dir/build
make[1]: Entering directory `/home/mc16766/tiago_public_ws/build/tf_lookup/CMakeFiles/CMakeTmp'
/usr/bin/cmake -E cmake_progress_report /home/mc16766/tiago_public_ws/build/tf_lookup/CMakeFiles/CMakeTmp/CMakeFiles 1
Building C object CMakeFiles/cmTryCompileExec4240840574.dir/CheckSymbolExists.c.o
/usr/bin/cc    -o CMakeFiles/cmTryCompileExec4240840574.dir/CheckSymbolExists.c.o   -c /home/mc16766/tiago_public_ws/build/tf_lookup/CMakeFiles/CMakeTmp/CheckSymbolExists.c
Linking C executable cmTryCompileExec4240840574
/usr/bin/cmake -E cmake_link_script CMakeFiles/cmTryCompileExec4240840574.dir/link.txt --verbose=1
/usr/bin/cc       CMakeFiles/cmTryCompileExec4240840574.dir/CheckSymbolExists.c.o  -o cmTryCompileExec4240840574 -rdynamic 
CMakeFiles/cmTryCompileExec4240840574.dir/CheckSymbolExists.c.o: In function `main':
CheckSymbolExists.c:(.text+0x16): undefined reference to `pthread_create'
collect2: error: ld returned 1 exit status
make[1]: Leaving directory `/home/mc16766/tiago_public_ws/build/tf_lookup/CMakeFiles/CMakeTmp'
make[1]: *** [cmTryCompileExec4240840574] Error 1
make: *** [cmTryCompileExec4240840574/fast] Error 2

File /home/mc16766/tiago_public_ws/build/tf_lookup/CMakeFiles/CMakeTmp/CheckSymbolExists.c:
/* */
#include <pthread.h>

int main(int argc, char** argv)
{
  (void)argv;
#ifndef pthread_create
  return ((int*)(&pthread_create))[argc];
#else
  (void)argc;
  return 0;
#endif
}

Determining if the function pthread_create exists in the pthreads failed with the following output:
Change Dir: /home/mc16766/tiago_public_ws/build/tf_lookup/CMakeFiles/CMakeTmp

Run Build Command:/usr/bin/make "cmTryCompileExec310232184/fast"
/usr/bin/make -f CMakeFiles/cmTryCompileExec310232184.dir/build.make CMakeFiles/cmTryCompileExec310232184.dir/build
make[1]: Entering directory `/home/mc16766/tiago_public_ws/build/tf_lookup/CMakeFiles/CMakeTmp'
/usr/bin/cmake -E cmake_progress_report /home/mc16766/tiago_public_ws/build/tf_lookup/CMakeFiles/CMakeTmp/CMakeFiles 1
Building C object CMakeFiles/cmTryCompileExec310232184.dir/CheckFunctionExists.c.o
/usr/bin/cc   -DCHECK_FUNCTION_EXISTS=pthread_create   -o CMakeFiles/cmTryCompileExec310232184.dir/CheckFunctionExists.c.o   -c /usr/share/cmake-2.8/Modules/CheckFunctionExists.c
Linking C executable cmTryCompileExec310232184
/usr/bin/cmake -E cmake_link_script CMakeFiles/cmTryCompileExec310232184.dir/link.txt --verbose=1
/usr/bin/cc   -DCHECK_FUNCTION_EXISTS=pthread_create    CMakeFiles/cmTryCompileExec310232184.dir/CheckFunctionExists.c.o  -o cmTryCompileExec310232184 -rdynamic -lpthreads 
/usr/bin/ld: cannot find -lpthreads
collect2: error: ld returned 1 exit status
make[1]: Leaving directory `/home/mc16766/tiago_public_ws/build/tf_lookup/CMakeFiles/CMakeTmp'
make[1]: *** [cmTryCompileExec310232184] Error 1
make: *** [cmTryCompileExec310232184/fast] Error 2


