Symlinking /home/mc16766/tiago_public_ws/devel/include/pal_wifi_localization_msgs/GetWifiMap.h
Symlinking /home/mc16766/tiago_public_ws/devel/include/pal_wifi_localization_msgs/GetWifiMapResponse.h
Symlinking /home/mc16766/tiago_public_ws/devel/include/pal_wifi_localization_msgs/WifiSignal.h
Symlinking /home/mc16766/tiago_public_ws/devel/include/pal_wifi_localization_msgs/WifiSignalMap.h
Symlinking /home/mc16766/tiago_public_ws/devel/include/pal_wifi_localization_msgs/WifiSignalList.h
Symlinking /home/mc16766/tiago_public_ws/devel/include/pal_wifi_localization_msgs/GetWifiMapRequest.h
Symlinking /home/mc16766/tiago_public_ws/devel/share/common-lisp/ros/pal_wifi_localization_msgs/srv/_package.lisp
Symlinking /home/mc16766/tiago_public_ws/devel/share/common-lisp/ros/pal_wifi_localization_msgs/srv/GetWifiMap.lisp
Symlinking /home/mc16766/tiago_public_ws/devel/share/common-lisp/ros/pal_wifi_localization_msgs/srv/pal_wifi_localization_msgs-srv.asd
Symlinking /home/mc16766/tiago_public_ws/devel/share/common-lisp/ros/pal_wifi_localization_msgs/srv/_package_GetWifiMap.lisp
Symlinking /home/mc16766/tiago_public_ws/devel/share/common-lisp/ros/pal_wifi_localization_msgs/msg/_package.lisp
Symlinking /home/mc16766/tiago_public_ws/devel/share/common-lisp/ros/pal_wifi_localization_msgs/msg/_package_WifiSignalList.lisp
Symlinking /home/mc16766/tiago_public_ws/devel/share/common-lisp/ros/pal_wifi_localization_msgs/msg/WifiSignalList.lisp
Symlinking /home/mc16766/tiago_public_ws/devel/share/common-lisp/ros/pal_wifi_localization_msgs/msg/_package_WifiSignalMap.lisp
Symlinking /home/mc16766/tiago_public_ws/devel/share/common-lisp/ros/pal_wifi_localization_msgs/msg/pal_wifi_localization_msgs-msg.asd
Symlinking /home/mc16766/tiago_public_ws/devel/share/common-lisp/ros/pal_wifi_localization_msgs/msg/_package_WifiSignal.lisp
Symlinking /home/mc16766/tiago_public_ws/devel/share/common-lisp/ros/pal_wifi_localization_msgs/msg/WifiSignal.lisp
Symlinking /home/mc16766/tiago_public_ws/devel/share/common-lisp/ros/pal_wifi_localization_msgs/msg/WifiSignalMap.lisp
Symlinking /home/mc16766/tiago_public_ws/devel/share/pal_wifi_localization_msgs/cmake/pal_wifi_localization_msgsConfig.cmake
Symlinking /home/mc16766/tiago_public_ws/devel/share/pal_wifi_localization_msgs/cmake/pal_wifi_localization_msgs-msg-extras.cmake
Symlinking /home/mc16766/tiago_public_ws/devel/share/pal_wifi_localization_msgs/cmake/pal_wifi_localization_msgsConfig-version.cmake
Symlinking /home/mc16766/tiago_public_ws/devel/share/pal_wifi_localization_msgs/cmake/pal_wifi_localization_msgs-msg-paths.cmake
Symlinking /home/mc16766/tiago_public_ws/devel/lib/pkgconfig/pal_wifi_localization_msgs.pc
Symlinking /home/mc16766/tiago_public_ws/devel/lib/python2.7/dist-packages/pal_wifi_localization_msgs/__init__.py
Symlinking /home/mc16766/tiago_public_ws/devel/lib/python2.7/dist-packages/pal_wifi_localization_msgs/srv/__init__.py
Symlinking /home/mc16766/tiago_public_ws/devel/lib/python2.7/dist-packages/pal_wifi_localization_msgs/srv/_GetWifiMap.py
Symlinking /home/mc16766/tiago_public_ws/devel/lib/python2.7/dist-packages/pal_wifi_localization_msgs/msg/__init__.py
Symlinking /home/mc16766/tiago_public_ws/devel/lib/python2.7/dist-packages/pal_wifi_localization_msgs/msg/_WifiSignalMap.py
Symlinking /home/mc16766/tiago_public_ws/devel/lib/python2.7/dist-packages/pal_wifi_localization_msgs/msg/_WifiSignal.py
Symlinking /home/mc16766/tiago_public_ws/devel/lib/python2.7/dist-packages/pal_wifi_localization_msgs/msg/_WifiSignalList.py
