[35m[1mScanning dependencies of target _pal_wifi_localization_msgs_generate_messages_check_deps_WifiSignalMap
[0m[  0%] Built target _pal_wifi_localization_msgs_generate_messages_check_deps_WifiSignalMap
[35m[1mScanning dependencies of target _pal_wifi_localization_msgs_generate_messages_check_deps_GetWifiMap
[0m[  0%] Built target _pal_wifi_localization_msgs_generate_messages_check_deps_GetWifiMap
[35m[1mScanning dependencies of target nav_msgs_generate_messages_py
[0m[  0%] Built target nav_msgs_generate_messages_py
[35m[1mScanning dependencies of target geometry_msgs_generate_messages_py
[0m[  0%] Built target geometry_msgs_generate_messages_py
[35m[1mScanning dependencies of target _pal_wifi_localization_msgs_generate_messages_check_deps_WifiSignalList
[0m[  0%] Built target _pal_wifi_localization_msgs_generate_messages_check_deps_WifiSignalList
[35m[1mScanning dependencies of target _pal_wifi_localization_msgs_generate_messages_check_deps_WifiSignal
[0m[35m[1mScanning dependencies of target nav_msgs_generate_messages_lisp
[0m[  0%] Built target nav_msgs_generate_messages_lisp
[  0%] Built target _pal_wifi_localization_msgs_generate_messages_check_deps_WifiSignal
[35m[1mScanning dependencies of target geometry_msgs_generate_messages_lisp
[0m[  0%] Built target geometry_msgs_generate_messages_lisp
[35m[1mScanning dependencies of target geometry_msgs_generate_messages_cpp
[0m[  0%] Built target geometry_msgs_generate_messages_cpp
[35m[1mScanning dependencies of target nav_msgs_generate_messages_cpp
[0m[  0%] Built target nav_msgs_generate_messages_cpp
[35m[1mScanning dependencies of target pal_wifi_localization_msgs_generate_messages_py
[0m[  7%] [34m[1mGenerating Python from MSG pal_wifi_localization_msgs/WifiSignalMap
[0m[ 14%] [34m[1mGenerating Python from MSG pal_wifi_localization_msgs/WifiSignalList
[0m[ 21%] [34m[1mGenerating Python from MSG pal_wifi_localization_msgs/WifiSignal
[0m[ 28%] [34m[1mGenerating Python code from SRV pal_wifi_localization_msgs/GetWifiMap
[0m[ 35%] [34m[1mGenerating Python msg __init__.py for pal_wifi_localization_msgs
[0m[ 42%] [34m[1mGenerating Python srv __init__.py for pal_wifi_localization_msgs
[0m[ 42%] Built target pal_wifi_localization_msgs_generate_messages_py
[35m[1mScanning dependencies of target pal_wifi_localization_msgs_generate_messages_lisp
[0m[ 50%] [34m[1mGenerating Lisp code from pal_wifi_localization_msgs/WifiSignalMap.msg
[0m[ 57%] [34m[1mGenerating Lisp code from pal_wifi_localization_msgs/WifiSignalList.msg
[0m[ 64%] [34m[1mGenerating Lisp code from pal_wifi_localization_msgs/WifiSignal.msg
[0m[ 71%] [34m[1mGenerating Lisp code from pal_wifi_localization_msgs/GetWifiMap.srv
[0m[ 71%] Built target pal_wifi_localization_msgs_generate_messages_lisp
[35m[1mScanning dependencies of target pal_wifi_localization_msgs_generate_messages_cpp
[0m[ 78%] [34m[1mGenerating C++ code from pal_wifi_localization_msgs/WifiSignalMap.msg
[0m[ 85%] [34m[1mGenerating C++ code from pal_wifi_localization_msgs/WifiSignalList.msg
[0m[ 92%] [34m[1mGenerating C++ code from pal_wifi_localization_msgs/WifiSignal.msg
[0m[100%] [34m[1mGenerating C++ code from pal_wifi_localization_msgs/GetWifiMap.srv
[0m[100%] Built target pal_wifi_localization_msgs_generate_messages_cpp
[35m[1mScanning dependencies of target pal_wifi_localization_msgs_generate_messages
[0m[100%] Built target pal_wifi_localization_msgs_generate_messages
