[35m[1mScanning dependencies of target _play_motion_msgs_generate_messages_check_deps_PlayMotionResult
[0m[  0%] Built target _play_motion_msgs_generate_messages_check_deps_PlayMotionResult
[35m[1mScanning dependencies of target _play_motion_msgs_generate_messages_check_deps_PlayMotionFeedback
[0m[  0%] Built target _play_motion_msgs_generate_messages_check_deps_PlayMotionFeedback
[35m[1mScanning dependencies of target actionlib_msgs_generate_messages_py
[0m[  0%] Built target actionlib_msgs_generate_messages_py
[35m[1mScanning dependencies of target _play_motion_msgs_generate_messages_check_deps_MotionInfo
[0m[  0%] Built target _play_motion_msgs_generate_messages_check_deps_MotionInfo
[35m[1mScanning dependencies of target _play_motion_msgs_generate_messages_check_deps_PlayMotionActionFeedback
[0m[  0%] Built target _play_motion_msgs_generate_messages_check_deps_PlayMotionActionFeedback
[35m[1mScanning dependencies of target _play_motion_msgs_generate_messages_check_deps_PlayMotionGoal
[0m[  0%] Built target _play_motion_msgs_generate_messages_check_deps_PlayMotionGoal
[35m[1mScanning dependencies of target _play_motion_msgs_generate_messages_check_deps_PlayMotionAction
[0m[  0%] Built target _play_motion_msgs_generate_messages_check_deps_PlayMotionAction
[35m[1mScanning dependencies of target _play_motion_msgs_generate_messages_check_deps_IsAlreadyThere
[0m[  0%] Built target _play_motion_msgs_generate_messages_check_deps_IsAlreadyThere
[35m[1mScanning dependencies of target _play_motion_msgs_generate_messages_check_deps_ListMotions
[0m[  0%] Built target _play_motion_msgs_generate_messages_check_deps_ListMotions
[35m[1mScanning dependencies of target _play_motion_msgs_generate_messages_check_deps_PlayMotionActionResult
[0m[  0%] Built target _play_motion_msgs_generate_messages_check_deps_PlayMotionActionResult
[35m[1mScanning dependencies of target _play_motion_msgs_generate_messages_check_deps_PlayMotionActionGoal
[0m[  0%] Built target _play_motion_msgs_generate_messages_check_deps_PlayMotionActionGoal
[35m[1mScanning dependencies of target actionlib_msgs_generate_messages_cpp
[0m[  0%] Built target actionlib_msgs_generate_messages_cpp
[35m[1mScanning dependencies of target actionlib_msgs_generate_messages_lisp
[0m[  0%] Built target actionlib_msgs_generate_messages_lisp
[35m[1mScanning dependencies of target play_motion_msgs_generate_messages_py
[0m[  3%] [34m[1mGenerating Python from MSG play_motion_msgs/PlayMotionFeedback
[0m[  6%] [34m[1mGenerating Python from MSG play_motion_msgs/MotionInfo
[0m[  9%] [34m[1mGenerating Python from MSG play_motion_msgs/PlayMotionGoal
[0m[ 12%] [34m[1mGenerating Python from MSG play_motion_msgs/PlayMotionActionResult
[0m[ 15%] [34m[1mGenerating Python from MSG play_motion_msgs/PlayMotionAction
[0m[ 18%] [34m[1mGenerating Python from MSG play_motion_msgs/PlayMotionActionGoal
[0m[ 21%] [34m[1mGenerating Python from MSG play_motion_msgs/PlayMotionResult
[0m[35m[1mScanning dependencies of target play_motion_msgs_generate_messages_cpp
[0m[ 25%] [34m[1mGenerating C++ code from play_motion_msgs/PlayMotionFeedback.msg
[0m[ 28%] [34m[1mGenerating Python from MSG play_motion_msgs/PlayMotionActionFeedback
[0m[ 31%] [34m[1mGenerating Python code from SRV play_motion_msgs/ListMotions
[0m[ 34%] [34m[1mGenerating C++ code from play_motion_msgs/MotionInfo.msg
[0m[ 37%] [34m[1mGenerating Python code from SRV play_motion_msgs/IsAlreadyThere
[0m[ 40%] [34m[1mGenerating C++ code from play_motion_msgs/PlayMotionGoal.msg
[0m[ 43%] [ 46%] [34m[1mGenerating C++ code from play_motion_msgs/PlayMotionActionResult.msg
[0m[34m[1mGenerating C++ code from play_motion_msgs/PlayMotionAction.msg
[0m[ 50%] [34m[1mGenerating Python msg __init__.py for play_motion_msgs
[0m[ 53%] [34m[1mGenerating Python srv __init__.py for play_motion_msgs
[0m[ 53%] Built target play_motion_msgs_generate_messages_py
[ 56%] [ 59%] [34m[1mGenerating C++ code from play_motion_msgs/PlayMotionActionGoal.msg
[0m[35m[1mScanning dependencies of target play_motion_msgs_generate_messages_lisp
[0m[34m[1mGenerating C++ code from play_motion_msgs/PlayMotionResult.msg
[0m[ 62%] [ 65%] [34m[1mGenerating Lisp code from play_motion_msgs/PlayMotionFeedback.msg
[0m[34m[1mGenerating C++ code from play_motion_msgs/PlayMotionActionFeedback.msg
[0m[ 68%] [34m[1mGenerating C++ code from play_motion_msgs/ListMotions.srv
[0m[ 71%] [ 75%] [34m[1mGenerating C++ code from play_motion_msgs/IsAlreadyThere.srv
[0m[34m[1mGenerating Lisp code from play_motion_msgs/MotionInfo.msg
[0m[ 78%] [34m[1mGenerating Lisp code from play_motion_msgs/PlayMotionGoal.msg
[0m[ 81%] [34m[1mGenerating Lisp code from play_motion_msgs/PlayMotionActionResult.msg
[0m[ 84%] [34m[1mGenerating Lisp code from play_motion_msgs/PlayMotionAction.msg
[0m[ 87%] [34m[1mGenerating Lisp code from play_motion_msgs/PlayMotionActionGoal.msg
[0m[ 90%] [34m[1mGenerating Lisp code from play_motion_msgs/PlayMotionResult.msg
[0m[ 93%] [34m[1mGenerating Lisp code from play_motion_msgs/PlayMotionActionFeedback.msg
[0m[ 96%] [100%] [34m[1mGenerating Lisp code from play_motion_msgs/IsAlreadyThere.srv
[0m[34m[1mGenerating Lisp code from play_motion_msgs/ListMotions.srv
[0m[100%] Built target play_motion_msgs_generate_messages_lisp
[100%] Built target play_motion_msgs_generate_messages_cpp
[35m[1mScanning dependencies of target play_motion_msgs_generate_messages
[0m[100%] Built target play_motion_msgs_generate_messages
