[35m[1mScanning dependencies of target actionlib_msgs_generate_messages_lisp
[0m[  0%] Built target actionlib_msgs_generate_messages_lisp
[35m[1mScanning dependencies of target play_motion_msgs_generate_messages_lisp
[0m[  0%] Built target play_motion_msgs_generate_messages_lisp
[35m[1mScanning dependencies of target actionlib_generate_messages_cpp
[0m[  0%] Built target actionlib_generate_messages_cpp
[35m[1mScanning dependencies of target actionlib_generate_messages_py
[0m[  0%] Built target actionlib_generate_messages_py
[35m[1mScanning dependencies of target rosgraph_msgs_generate_messages_cpp
[0m[  0%] Built target rosgraph_msgs_generate_messages_cpp
[35m[1mScanning dependencies of target roscpp_generate_messages_lisp
[0m[  0%] Built target roscpp_generate_messages_lisp
[35m[1mScanning dependencies of target std_msgs_generate_messages_py
[0m[  0%] Built target std_msgs_generate_messages_py
[35m[1mScanning dependencies of target rosgraph_msgs_generate_messages_py
[0m[  0%] Built target rosgraph_msgs_generate_messages_py
[35m[1mScanning dependencies of target _catkin_empty_exported_target
[0m[  0%] Built target _catkin_empty_exported_target
[35m[1mScanning dependencies of target play_motion_msgs_generate_messages_cpp
[0m[  0%] Built target play_motion_msgs_generate_messages_cpp
[35m[1mScanning dependencies of target roscpp_generate_messages_cpp
[0m[  0%] Built target roscpp_generate_messages_cpp
[35m[1mScanning dependencies of target play_motion_msgs_generate_messages_py
[0m[  0%] Built target play_motion_msgs_generate_messages_py
[35m[1mScanning dependencies of target actionlib_generate_messages_lisp
[0m[  0%] Built target actionlib_generate_messages_lisp
[35m[1mScanning dependencies of target roscpp_generate_messages_py
[0m[  0%] Built target roscpp_generate_messages_py
[35m[1mScanning dependencies of target rosgraph_msgs_generate_messages_lisp
[0m[  0%] Built target rosgraph_msgs_generate_messages_lisp
[35m[1mScanning dependencies of target actionlib_msgs_generate_messages_py
[0m[  0%] Built target actionlib_msgs_generate_messages_py
[35m[1mScanning dependencies of target std_msgs_generate_messages_lisp
[0m[  0%] Built target std_msgs_generate_messages_lisp
[35m[1mScanning dependencies of target std_msgs_generate_messages_cpp
[0m[  0%] Built target std_msgs_generate_messages_cpp
[35m[1mScanning dependencies of target actionlib_msgs_generate_messages_cpp
[0m[  0%] Built target actionlib_msgs_generate_messages_cpp
[35m[1mScanning dependencies of target run_motion
[0m[100%] [32mBuilding CXX object CMakeFiles/run_motion.dir/src/run_motion_node.cpp.o
[0m[31m[1mLinking CXX executable /home/mc16766/tiago_public_ws/devel/.private/run_motion/lib/run_motion/run_motion
[0m[100%] Built target run_motion
