Symlinking /home/mc16766/tiago_public_ws/devel/include/pal_visual_localization_msgs/VisualLocRecognizeActionGoal.h
Symlinking /home/mc16766/tiago_public_ws/devel/include/pal_visual_localization_msgs/VisualLocRecognizeActionFeedback.h
Symlinking /home/mc16766/tiago_public_ws/devel/include/pal_visual_localization_msgs/VisualLocRecognizeGoal.h
Symlinking /home/mc16766/tiago_public_ws/devel/include/pal_visual_localization_msgs/VisualLocRecognizeFeedback.h
Symlinking /home/mc16766/tiago_public_ws/devel/include/pal_visual_localization_msgs/VisualLocAddPlaceGoal.h
Symlinking /home/mc16766/tiago_public_ws/devel/include/pal_visual_localization_msgs/VisualLocRecognizeAction.h
Symlinking /home/mc16766/tiago_public_ws/devel/include/pal_visual_localization_msgs/VisualLocAddPlaceAction.h
Symlinking /home/mc16766/tiago_public_ws/devel/include/pal_visual_localization_msgs/VisualLocRecognizeActionResult.h
Symlinking /home/mc16766/tiago_public_ws/devel/include/pal_visual_localization_msgs/VisualLocAddPlaceResult.h
Symlinking /home/mc16766/tiago_public_ws/devel/include/pal_visual_localization_msgs/VisualLocAddPlaceActionGoal.h
Symlinking /home/mc16766/tiago_public_ws/devel/include/pal_visual_localization_msgs/VisualLocAddPlaceActionResult.h
Symlinking /home/mc16766/tiago_public_ws/devel/include/pal_visual_localization_msgs/VisualLocRecognizeResult.h
Symlinking /home/mc16766/tiago_public_ws/devel/include/pal_visual_localization_msgs/VisualLocAddPlaceFeedback.h
Symlinking /home/mc16766/tiago_public_ws/devel/include/pal_visual_localization_msgs/VisualLocAddPlaceActionFeedback.h
Symlinking /home/mc16766/tiago_public_ws/devel/share/pal_visual_localization_msgs/cmake/pal_visual_localization_msgsConfig.cmake
Symlinking /home/mc16766/tiago_public_ws/devel/share/pal_visual_localization_msgs/cmake/pal_visual_localization_msgsConfig-version.cmake
Symlinking /home/mc16766/tiago_public_ws/devel/share/pal_visual_localization_msgs/cmake/pal_visual_localization_msgs-msg-paths.cmake
Symlinking /home/mc16766/tiago_public_ws/devel/share/pal_visual_localization_msgs/cmake/pal_visual_localization_msgs-msg-extras.cmake
Symlinking /home/mc16766/tiago_public_ws/devel/share/pal_visual_localization_msgs/msg/VisualLocRecognizeActionFeedback.msg
Symlinking /home/mc16766/tiago_public_ws/devel/share/pal_visual_localization_msgs/msg/VisualLocRecognizeGoal.msg
Symlinking /home/mc16766/tiago_public_ws/devel/share/pal_visual_localization_msgs/msg/VisualLocAddPlaceAction.msg
Symlinking /home/mc16766/tiago_public_ws/devel/share/pal_visual_localization_msgs/msg/VisualLocAddPlaceGoal.msg
Symlinking /home/mc16766/tiago_public_ws/devel/share/pal_visual_localization_msgs/msg/VisualLocAddPlaceResult.msg
Symlinking /home/mc16766/tiago_public_ws/devel/share/pal_visual_localization_msgs/msg/VisualLocAddPlaceActionFeedback.msg
Symlinking /home/mc16766/tiago_public_ws/devel/share/pal_visual_localization_msgs/msg/VisualLocAddPlaceActionGoal.msg
Symlinking /home/mc16766/tiago_public_ws/devel/share/pal_visual_localization_msgs/msg/VisualLocRecognizeAction.msg
Symlinking /home/mc16766/tiago_public_ws/devel/share/pal_visual_localization_msgs/msg/VisualLocRecognizeActionGoal.msg
Symlinking /home/mc16766/tiago_public_ws/devel/share/pal_visual_localization_msgs/msg/VisualLocRecognizeActionResult.msg
Symlinking /home/mc16766/tiago_public_ws/devel/share/pal_visual_localization_msgs/msg/VisualLocRecognizeResult.msg
Symlinking /home/mc16766/tiago_public_ws/devel/share/pal_visual_localization_msgs/msg/VisualLocAddPlaceActionResult.msg
Symlinking /home/mc16766/tiago_public_ws/devel/share/pal_visual_localization_msgs/msg/VisualLocAddPlaceFeedback.msg
Symlinking /home/mc16766/tiago_public_ws/devel/share/pal_visual_localization_msgs/msg/VisualLocRecognizeFeedback.msg
Symlinking /home/mc16766/tiago_public_ws/devel/share/common-lisp/ros/pal_visual_localization_msgs/msg/VisualLocRecognizeActionResult.lisp
Symlinking /home/mc16766/tiago_public_ws/devel/share/common-lisp/ros/pal_visual_localization_msgs/msg/VisualLocAddPlaceGoal.lisp
Symlinking /home/mc16766/tiago_public_ws/devel/share/common-lisp/ros/pal_visual_localization_msgs/msg/VisualLocRecognizeResult.lisp
Symlinking /home/mc16766/tiago_public_ws/devel/share/common-lisp/ros/pal_visual_localization_msgs/msg/_package_VisualLocAddPlaceAction.lisp
Symlinking /home/mc16766/tiago_public_ws/devel/share/common-lisp/ros/pal_visual_localization_msgs/msg/_package_VisualLocRecognizeResult.lisp
Symlinking /home/mc16766/tiago_public_ws/devel/share/common-lisp/ros/pal_visual_localization_msgs/msg/_package_VisualLocAddPlaceActionResult.lisp
Symlinking /home/mc16766/tiago_public_ws/devel/share/common-lisp/ros/pal_visual_localization_msgs/msg/_package.lisp
Symlinking /home/mc16766/tiago_public_ws/devel/share/common-lisp/ros/pal_visual_localization_msgs/msg/_package_VisualLocRecognizeActionFeedback.lisp
Symlinking /home/mc16766/tiago_public_ws/devel/share/common-lisp/ros/pal_visual_localization_msgs/msg/VisualLocAddPlaceActionFeedback.lisp
Symlinking /home/mc16766/tiago_public_ws/devel/share/common-lisp/ros/pal_visual_localization_msgs/msg/pal_visual_localization_msgs-msg.asd
Symlinking /home/mc16766/tiago_public_ws/devel/share/common-lisp/ros/pal_visual_localization_msgs/msg/VisualLocRecognizeAction.lisp
Symlinking /home/mc16766/tiago_public_ws/devel/share/common-lisp/ros/pal_visual_localization_msgs/msg/_package_VisualLocRecognizeAction.lisp
Symlinking /home/mc16766/tiago_public_ws/devel/share/common-lisp/ros/pal_visual_localization_msgs/msg/VisualLocRecognizeGoal.lisp
Symlinking /home/mc16766/tiago_public_ws/devel/share/common-lisp/ros/pal_visual_localization_msgs/msg/VisualLocAddPlaceAction.lisp
Symlinking /home/mc16766/tiago_public_ws/devel/share/common-lisp/ros/pal_visual_localization_msgs/msg/VisualLocAddPlaceActionResult.lisp
Symlinking /home/mc16766/tiago_public_ws/devel/share/common-lisp/ros/pal_visual_localization_msgs/msg/_package_VisualLocAddPlaceGoal.lisp
Symlinking /home/mc16766/tiago_public_ws/devel/share/common-lisp/ros/pal_visual_localization_msgs/msg/_package_VisualLocAddPlaceResult.lisp
Symlinking /home/mc16766/tiago_public_ws/devel/share/common-lisp/ros/pal_visual_localization_msgs/msg/_package_VisualLocAddPlaceFeedback.lisp
Symlinking /home/mc16766/tiago_public_ws/devel/share/common-lisp/ros/pal_visual_localization_msgs/msg/_package_VisualLocAddPlaceActionFeedback.lisp
Symlinking /home/mc16766/tiago_public_ws/devel/share/common-lisp/ros/pal_visual_localization_msgs/msg/VisualLocAddPlaceFeedback.lisp
Symlinking /home/mc16766/tiago_public_ws/devel/share/common-lisp/ros/pal_visual_localization_msgs/msg/VisualLocRecognizeActionFeedback.lisp
Symlinking /home/mc16766/tiago_public_ws/devel/share/common-lisp/ros/pal_visual_localization_msgs/msg/_package_VisualLocRecognizeActionResult.lisp
Symlinking /home/mc16766/tiago_public_ws/devel/share/common-lisp/ros/pal_visual_localization_msgs/msg/_package_VisualLocRecognizeActionGoal.lisp
Symlinking /home/mc16766/tiago_public_ws/devel/share/common-lisp/ros/pal_visual_localization_msgs/msg/VisualLocAddPlaceActionGoal.lisp
Symlinking /home/mc16766/tiago_public_ws/devel/share/common-lisp/ros/pal_visual_localization_msgs/msg/VisualLocAddPlaceResult.lisp
Symlinking /home/mc16766/tiago_public_ws/devel/share/common-lisp/ros/pal_visual_localization_msgs/msg/VisualLocRecognizeFeedback.lisp
Symlinking /home/mc16766/tiago_public_ws/devel/share/common-lisp/ros/pal_visual_localization_msgs/msg/_package_VisualLocRecognizeGoal.lisp
Symlinking /home/mc16766/tiago_public_ws/devel/share/common-lisp/ros/pal_visual_localization_msgs/msg/_package_VisualLocAddPlaceActionGoal.lisp
Symlinking /home/mc16766/tiago_public_ws/devel/share/common-lisp/ros/pal_visual_localization_msgs/msg/_package_VisualLocRecognizeFeedback.lisp
Symlinking /home/mc16766/tiago_public_ws/devel/share/common-lisp/ros/pal_visual_localization_msgs/msg/VisualLocRecognizeActionGoal.lisp
Symlinking /home/mc16766/tiago_public_ws/devel/lib/pkgconfig/pal_visual_localization_msgs.pc
Symlinking /home/mc16766/tiago_public_ws/devel/lib/python2.7/dist-packages/pal_visual_localization_msgs/__init__.py
Symlinking /home/mc16766/tiago_public_ws/devel/lib/python2.7/dist-packages/pal_visual_localization_msgs/msg/_VisualLocAddPlaceAction.py
Symlinking /home/mc16766/tiago_public_ws/devel/lib/python2.7/dist-packages/pal_visual_localization_msgs/msg/_VisualLocRecognizeAction.py
Symlinking /home/mc16766/tiago_public_ws/devel/lib/python2.7/dist-packages/pal_visual_localization_msgs/msg/_VisualLocRecognizeActionResult.py
Symlinking /home/mc16766/tiago_public_ws/devel/lib/python2.7/dist-packages/pal_visual_localization_msgs/msg/_VisualLocRecognizeGoal.py
Symlinking /home/mc16766/tiago_public_ws/devel/lib/python2.7/dist-packages/pal_visual_localization_msgs/msg/_VisualLocAddPlaceActionResult.py
Symlinking /home/mc16766/tiago_public_ws/devel/lib/python2.7/dist-packages/pal_visual_localization_msgs/msg/_VisualLocAddPlaceFeedback.py
Symlinking /home/mc16766/tiago_public_ws/devel/lib/python2.7/dist-packages/pal_visual_localization_msgs/msg/_VisualLocAddPlaceResult.py
Symlinking /home/mc16766/tiago_public_ws/devel/lib/python2.7/dist-packages/pal_visual_localization_msgs/msg/_VisualLocRecognizeActionFeedback.py
Symlinking /home/mc16766/tiago_public_ws/devel/lib/python2.7/dist-packages/pal_visual_localization_msgs/msg/__init__.py
Symlinking /home/mc16766/tiago_public_ws/devel/lib/python2.7/dist-packages/pal_visual_localization_msgs/msg/_VisualLocAddPlaceActionGoal.py
Symlinking /home/mc16766/tiago_public_ws/devel/lib/python2.7/dist-packages/pal_visual_localization_msgs/msg/_VisualLocRecognizeActionGoal.py
Symlinking /home/mc16766/tiago_public_ws/devel/lib/python2.7/dist-packages/pal_visual_localization_msgs/msg/_VisualLocRecognizeResult.py
Symlinking /home/mc16766/tiago_public_ws/devel/lib/python2.7/dist-packages/pal_visual_localization_msgs/msg/_VisualLocRecognizeFeedback.py
Symlinking /home/mc16766/tiago_public_ws/devel/lib/python2.7/dist-packages/pal_visual_localization_msgs/msg/_VisualLocAddPlaceGoal.py
Symlinking /home/mc16766/tiago_public_ws/devel/lib/python2.7/dist-packages/pal_visual_localization_msgs/msg/_VisualLocAddPlaceActionFeedback.py
