Determining if the pthread_create exist failed with the following output:
Change Dir: /home/mc16766/tiago_public_ws/build/pal_web_msgs/CMakeFiles/CMakeTmp

Run Build Command:/usr/bin/make "cmTryCompileExec843442837/fast"
/usr/bin/make -f CMakeFiles/cmTryCompileExec843442837.dir/build.make CMakeFiles/cmTryCompileExec843442837.dir/build
make[1]: Entering directory `/home/mc16766/tiago_public_ws/build/pal_web_msgs/CMakeFiles/CMakeTmp'
/usr/bin/cmake -E cmake_progress_report /home/mc16766/tiago_public_ws/build/pal_web_msgs/CMakeFiles/CMakeTmp/CMakeFiles 1
Building C object CMakeFiles/cmTryCompileExec843442837.dir/CheckSymbolExists.c.o
/usr/bin/cc    -o CMakeFiles/cmTryCompileExec843442837.dir/CheckSymbolExists.c.o   -c /home/mc16766/tiago_public_ws/build/pal_web_msgs/CMakeFiles/CMakeTmp/CheckSymbolExists.c
Linking C executable cmTryCompileExec843442837
/usr/bin/cmake -E cmake_link_script CMakeFiles/cmTryCompileExec843442837.dir/link.txt --verbose=1
/usr/bin/cc       CMakeFiles/cmTryCompileExec843442837.dir/CheckSymbolExists.c.o  -o cmTryCompileExec843442837 -rdynamic 
CMakeFiles/cmTryCompileExec843442837.dir/CheckSymbolExists.c.o: In function `main':
CheckSymbolExists.c:(.text+0x16): undefined reference to `pthread_create'
collect2: error: ld returned 1 exit status
make[1]: *** [cmTryCompileExec843442837] Error 1
make[1]: Leaving directory `/home/mc16766/tiago_public_ws/build/pal_web_msgs/CMakeFiles/CMakeTmp'
make: *** [cmTryCompileExec843442837/fast] Error 2

File /home/mc16766/tiago_public_ws/build/pal_web_msgs/CMakeFiles/CMakeTmp/CheckSymbolExists.c:
/* */
#include <pthread.h>

int main(int argc, char** argv)
{
  (void)argv;
#ifndef pthread_create
  return ((int*)(&pthread_create))[argc];
#else
  (void)argc;
  return 0;
#endif
}

Determining if the function pthread_create exists in the pthreads failed with the following output:
Change Dir: /home/mc16766/tiago_public_ws/build/pal_web_msgs/CMakeFiles/CMakeTmp

Run Build Command:/usr/bin/make "cmTryCompileExec1681820867/fast"
/usr/bin/make -f CMakeFiles/cmTryCompileExec1681820867.dir/build.make CMakeFiles/cmTryCompileExec1681820867.dir/build
make[1]: Entering directory `/home/mc16766/tiago_public_ws/build/pal_web_msgs/CMakeFiles/CMakeTmp'
/usr/bin/cmake -E cmake_progress_report /home/mc16766/tiago_public_ws/build/pal_web_msgs/CMakeFiles/CMakeTmp/CMakeFiles 1
Building C object CMakeFiles/cmTryCompileExec1681820867.dir/CheckFunctionExists.c.o
/usr/bin/cc   -DCHECK_FUNCTION_EXISTS=pthread_create   -o CMakeFiles/cmTryCompileExec1681820867.dir/CheckFunctionExists.c.o   -c /usr/share/cmake-2.8/Modules/CheckFunctionExists.c
Linking C executable cmTryCompileExec1681820867
/usr/bin/cmake -E cmake_link_script CMakeFiles/cmTryCompileExec1681820867.dir/link.txt --verbose=1
/usr/bin/cc   -DCHECK_FUNCTION_EXISTS=pthread_create    CMakeFiles/cmTryCompileExec1681820867.dir/CheckFunctionExists.c.o  -o cmTryCompileExec1681820867 -rdynamic -lpthreads 
/usr/bin/ld: cannot find -lpthreads
make[1]: Leaving directory `/home/mc16766/tiago_public_ws/build/pal_web_msgs/CMakeFiles/CMakeTmp'
collect2: error: ld returned 1 exit status
make[1]: *** [cmTryCompileExec1681820867] Error 1
make: *** [cmTryCompileExec1681820867/fast] Error 2


