Determining if the pthread_create exist failed with the following output:
Change Dir: /home/mc16766/tiago_public_ws/build/tiago_pcl_tutorial/CMakeFiles/CMakeTmp

Run Build Command:/usr/bin/make "cmTryCompileExec1881582174/fast"
/usr/bin/make -f CMakeFiles/cmTryCompileExec1881582174.dir/build.make CMakeFiles/cmTryCompileExec1881582174.dir/build
make[1]: Entering directory `/home/mc16766/tiago_public_ws/build/tiago_pcl_tutorial/CMakeFiles/CMakeTmp'
/usr/bin/cmake -E cmake_progress_report /home/mc16766/tiago_public_ws/build/tiago_pcl_tutorial/CMakeFiles/CMakeTmp/CMakeFiles 1
Building C object CMakeFiles/cmTryCompileExec1881582174.dir/CheckSymbolExists.c.o
/usr/bin/cc    -o CMakeFiles/cmTryCompileExec1881582174.dir/CheckSymbolExists.c.o   -c /home/mc16766/tiago_public_ws/build/tiago_pcl_tutorial/CMakeFiles/CMakeTmp/CheckSymbolExists.c
Linking C executable cmTryCompileExec1881582174
/usr/bin/cmake -E cmake_link_script CMakeFiles/cmTryCompileExec1881582174.dir/link.txt --verbose=1
/usr/bin/cc       CMakeFiles/cmTryCompileExec1881582174.dir/CheckSymbolExists.c.o  -o cmTryCompileExec1881582174 -rdynamic 
CMakeFiles/cmTryCompileExec1881582174.dir/CheckSymbolExists.c.o: In function `main':
CheckSymbolExists.c:(.text+0x16): undefined reference to `pthread_create'
collect2: error: ld returned 1 exit status
make[1]: Leaving directory `/home/mc16766/tiago_public_ws/build/tiago_pcl_tutorial/CMakeFiles/CMakeTmp'
make[1]: *** [cmTryCompileExec1881582174] Error 1
make: *** [cmTryCompileExec1881582174/fast] Error 2

File /home/mc16766/tiago_public_ws/build/tiago_pcl_tutorial/CMakeFiles/CMakeTmp/CheckSymbolExists.c:
/* */
#include <pthread.h>

int main(int argc, char** argv)
{
  (void)argv;
#ifndef pthread_create
  return ((int*)(&pthread_create))[argc];
#else
  (void)argc;
  return 0;
#endif
}

Determining if the function pthread_create exists in the pthreads failed with the following output:
Change Dir: /home/mc16766/tiago_public_ws/build/tiago_pcl_tutorial/CMakeFiles/CMakeTmp

Run Build Command:/usr/bin/make "cmTryCompileExec802119530/fast"
/usr/bin/make -f CMakeFiles/cmTryCompileExec802119530.dir/build.make CMakeFiles/cmTryCompileExec802119530.dir/build
make[1]: Entering directory `/home/mc16766/tiago_public_ws/build/tiago_pcl_tutorial/CMakeFiles/CMakeTmp'
/usr/bin/cmake -E cmake_progress_report /home/mc16766/tiago_public_ws/build/tiago_pcl_tutorial/CMakeFiles/CMakeTmp/CMakeFiles 1
Building C object CMakeFiles/cmTryCompileExec802119530.dir/CheckFunctionExists.c.o
/usr/bin/cc   -DCHECK_FUNCTION_EXISTS=pthread_create   -o CMakeFiles/cmTryCompileExec802119530.dir/CheckFunctionExists.c.o   -c /usr/share/cmake-2.8/Modules/CheckFunctionExists.c
Linking C executable cmTryCompileExec802119530
/usr/bin/cmake -E cmake_link_script CMakeFiles/cmTryCompileExec802119530.dir/link.txt --verbose=1
/usr/bin/cc   -DCHECK_FUNCTION_EXISTS=pthread_create    CMakeFiles/cmTryCompileExec802119530.dir/CheckFunctionExists.c.o  -o cmTryCompileExec802119530 -rdynamic -lpthreads 
/usr/bin/ld: cannot find -lpthreads
collect2: error: ld returned 1 exit status
make[1]: Leaving directory `/home/mc16766/tiago_public_ws/build/tiago_pcl_tutorial/CMakeFiles/CMakeTmp'
make[1]: *** [cmTryCompileExec802119530] Error 1
make: *** [cmTryCompileExec802119530/fast] Error 2


