Determining if the pthread_create exist failed with the following output:
Change Dir: /home/mc16766/tiago_public_ws/build/pal_multirobot_msgs/CMakeFiles/CMakeTmp

Run Build Command:/usr/bin/make "cmTryCompileExec1150611402/fast"
/usr/bin/make -f CMakeFiles/cmTryCompileExec1150611402.dir/build.make CMakeFiles/cmTryCompileExec1150611402.dir/build
make[1]: Entering directory `/home/mc16766/tiago_public_ws/build/pal_multirobot_msgs/CMakeFiles/CMakeTmp'
/usr/bin/cmake -E cmake_progress_report /home/mc16766/tiago_public_ws/build/pal_multirobot_msgs/CMakeFiles/CMakeTmp/CMakeFiles 1
Building C object CMakeFiles/cmTryCompileExec1150611402.dir/CheckSymbolExists.c.o
/usr/bin/cc    -o CMakeFiles/cmTryCompileExec1150611402.dir/CheckSymbolExists.c.o   -c /home/mc16766/tiago_public_ws/build/pal_multirobot_msgs/CMakeFiles/CMakeTmp/CheckSymbolExists.c
Linking C executable cmTryCompileExec1150611402
/usr/bin/cmake -E cmake_link_script CMakeFiles/cmTryCompileExec1150611402.dir/link.txt --verbose=1
/usr/bin/cc       CMakeFiles/cmTryCompileExec1150611402.dir/CheckSymbolExists.c.o  -o cmTryCompileExec1150611402 -rdynamic 
CMakeFiles/cmTryCompileExec1150611402.dir/CheckSymbolExists.c.o: In function `main':
CheckSymbolExists.c:(.text+0x16): undefined reference to `pthread_create'
collect2: error: ld returned 1 exit status
make[1]: Leaving directory `/home/mc16766/tiago_public_ws/build/pal_multirobot_msgs/CMakeFiles/CMakeTmp'
make[1]: *** [cmTryCompileExec1150611402] Error 1
make: *** [cmTryCompileExec1150611402/fast] Error 2

File /home/mc16766/tiago_public_ws/build/pal_multirobot_msgs/CMakeFiles/CMakeTmp/CheckSymbolExists.c:
/* */
#include <pthread.h>

int main(int argc, char** argv)
{
  (void)argv;
#ifndef pthread_create
  return ((int*)(&pthread_create))[argc];
#else
  (void)argc;
  return 0;
#endif
}

Determining if the function pthread_create exists in the pthreads failed with the following output:
Change Dir: /home/mc16766/tiago_public_ws/build/pal_multirobot_msgs/CMakeFiles/CMakeTmp

Run Build Command:/usr/bin/make "cmTryCompileExec45852227/fast"
/usr/bin/make -f CMakeFiles/cmTryCompileExec45852227.dir/build.make CMakeFiles/cmTryCompileExec45852227.dir/build
make[1]: Entering directory `/home/mc16766/tiago_public_ws/build/pal_multirobot_msgs/CMakeFiles/CMakeTmp'
/usr/bin/cmake -E cmake_progress_report /home/mc16766/tiago_public_ws/build/pal_multirobot_msgs/CMakeFiles/CMakeTmp/CMakeFiles 1
Building C object CMakeFiles/cmTryCompileExec45852227.dir/CheckFunctionExists.c.o
/usr/bin/cc   -DCHECK_FUNCTION_EXISTS=pthread_create   -o CMakeFiles/cmTryCompileExec45852227.dir/CheckFunctionExists.c.o   -c /usr/share/cmake-2.8/Modules/CheckFunctionExists.c
Linking C executable cmTryCompileExec45852227
/usr/bin/cmake -E cmake_link_script CMakeFiles/cmTryCompileExec45852227.dir/link.txt --verbose=1
/usr/bin/cc   -DCHECK_FUNCTION_EXISTS=pthread_create    CMakeFiles/cmTryCompileExec45852227.dir/CheckFunctionExists.c.o  -o cmTryCompileExec45852227 -rdynamic -lpthreads 
/usr/bin/ld: cannot find -lpthreads
collect2: error: ld returned 1 exit status
make[1]: *** [cmTryCompileExec45852227] Error 1
make[1]: Leaving directory `/home/mc16766/tiago_public_ws/build/pal_multirobot_msgs/CMakeFiles/CMakeTmp'
make: *** [cmTryCompileExec45852227/fast] Error 2


