[35m[1mScanning dependencies of target std_msgs_generate_messages_cpp
[0m[35m[1mScanning dependencies of target _aruco_msgs_generate_messages_check_deps_Marker
[0m[  0%] Built target std_msgs_generate_messages_cpp
[  0%] Built target _aruco_msgs_generate_messages_check_deps_Marker
[35m[1mScanning dependencies of target geometry_msgs_generate_messages_cpp
[0m[  0%] Built target geometry_msgs_generate_messages_cpp
[35m[1mScanning dependencies of target _aruco_msgs_generate_messages_check_deps_MarkerArray
[0m[  0%] Built target _aruco_msgs_generate_messages_check_deps_MarkerArray
[35m[1mScanning dependencies of target geometry_msgs_generate_messages_lisp
[0m[  0%] Built target geometry_msgs_generate_messages_lisp
[35m[1mScanning dependencies of target std_msgs_generate_messages_lisp
[0m[  0%] Built target std_msgs_generate_messages_lisp
[35m[1mScanning dependencies of target geometry_msgs_generate_messages_py
[0m[  0%] Built target geometry_msgs_generate_messages_py
[35m[1mScanning dependencies of target std_msgs_generate_messages_py
[0m[  0%] Built target std_msgs_generate_messages_py
[35m[1mScanning dependencies of target aruco_msgs_generate_messages_cpp
[0m[ 14%] [34m[1mGenerating C++ code from aruco_msgs/Marker.msg
[0m[ 28%] [34m[1mGenerating C++ code from aruco_msgs/MarkerArray.msg
[0m[35m[1mScanning dependencies of target aruco_msgs_generate_messages_lisp
[0m[ 42%] [34m[1mGenerating Lisp code from aruco_msgs/Marker.msg
[0m[ 42%] Built target aruco_msgs_generate_messages_cpp
[35m[1mScanning dependencies of target aruco_msgs_generate_messages_py
[0m[ 57%] [34m[1mGenerating Python from MSG aruco_msgs/Marker
[0m[ 71%] [34m[1mGenerating Python from MSG aruco_msgs/MarkerArray
[0m[ 85%] [34m[1mGenerating Lisp code from aruco_msgs/MarkerArray.msg
[0m[100%] [34m[1mGenerating Python msg __init__.py for aruco_msgs
[0m[100%] Built target aruco_msgs_generate_messages_lisp
[100%] Built target aruco_msgs_generate_messages_py
[35m[1mScanning dependencies of target aruco_msgs_generate_messages
[0m[100%] Built target aruco_msgs_generate_messages
