[35m[1mScanning dependencies of target _controller_manager_msgs_generate_messages_check_deps_ControllersStatistics
[0m[  0%] Built target _controller_manager_msgs_generate_messages_check_deps_ControllersStatistics
[35m[1mScanning dependencies of target _controller_manager_msgs_generate_messages_check_deps_LoadController
[0m[  0%] Built target _controller_manager_msgs_generate_messages_check_deps_LoadController
[35m[1mScanning dependencies of target _controller_manager_msgs_generate_messages_check_deps_UnloadController
[0m[  0%] Built target _controller_manager_msgs_generate_messages_check_deps_UnloadController
[35m[1mScanning dependencies of target _controller_manager_msgs_generate_messages_check_deps_ReloadControllerLibraries
[0m[35m[1mScanning dependencies of target _controller_manager_msgs_generate_messages_check_deps_ControllerState
[0m[  0%] Built target _controller_manager_msgs_generate_messages_check_deps_ReloadControllerLibraries
[  0%] Built target _controller_manager_msgs_generate_messages_check_deps_ControllerState
[35m[1mScanning dependencies of target _controller_manager_msgs_generate_messages_check_deps_SwitchController
[0m[  0%] Built target _controller_manager_msgs_generate_messages_check_deps_SwitchController
[35m[1mScanning dependencies of target _controller_manager_msgs_generate_messages_check_deps_ListControllers
[0m[  0%] Built target _controller_manager_msgs_generate_messages_check_deps_ListControllers
[35m[1mScanning dependencies of target _controller_manager_msgs_generate_messages_check_deps_ListControllerTypes
[0m[  0%] Built target _controller_manager_msgs_generate_messages_check_deps_ListControllerTypes
[35m[1mScanning dependencies of target std_msgs_generate_messages_cpp
[0m[  0%] Built target std_msgs_generate_messages_cpp
[35m[1mScanning dependencies of target _controller_manager_msgs_generate_messages_check_deps_ControllerStatistics
[0m[  0%] Built target _controller_manager_msgs_generate_messages_check_deps_ControllerStatistics
[35m[1mScanning dependencies of target std_msgs_generate_messages_py
[0m[  0%] Built target std_msgs_generate_messages_py
[35m[1mScanning dependencies of target std_msgs_generate_messages_lisp
[0m[  0%] Built target std_msgs_generate_messages_lisp
[35m[1mScanning dependencies of target controller_manager_msgs_generate_messages_cpp
[0m[  3%] [34m[1mGenerating C++ code from controller_manager_msgs/ControllersStatistics.msg
[0m[  6%] [34m[1mGenerating C++ code from controller_manager_msgs/ControllerStatistics.msg
[0m[ 10%] [34m[1mGenerating C++ code from controller_manager_msgs/ControllerState.msg
[0m[ 13%] [34m[1mGenerating C++ code from controller_manager_msgs/ReloadControllerLibraries.srv
[0m[ 17%] [34m[1mGenerating C++ code from controller_manager_msgs/LoadController.srv
[0m[ 20%] [34m[1mGenerating C++ code from controller_manager_msgs/ListControllerTypes.srv
[0m[ 24%] [34m[1mGenerating C++ code from controller_manager_msgs/ListControllers.srv
[0m[ 27%] [34m[1mGenerating C++ code from controller_manager_msgs/UnloadController.srv
[0m[ 31%] [34m[1mGenerating C++ code from controller_manager_msgs/SwitchController.srv
[0m[ 31%] Built target controller_manager_msgs_generate_messages_cpp
[35m[1mScanning dependencies of target controller_manager_msgs_generate_messages_py
[0m[ 34%] [34m[1mGenerating Python from MSG controller_manager_msgs/ControllersStatistics
[0m[ 37%] [34m[1mGenerating Python from MSG controller_manager_msgs/ControllerStatistics
[0m[ 41%] [34m[1mGenerating Python from MSG controller_manager_msgs/ControllerState
[0m[ 44%] [34m[1mGenerating Python code from SRV controller_manager_msgs/ReloadControllerLibraries
[0m[ 48%] [34m[1mGenerating Python code from SRV controller_manager_msgs/LoadController
[0m[ 51%] [34m[1mGenerating Python code from SRV controller_manager_msgs/ListControllerTypes
[0m[ 55%] [34m[1mGenerating Python code from SRV controller_manager_msgs/ListControllers
[0m[ 58%] [34m[1mGenerating Python code from SRV controller_manager_msgs/UnloadController
[0m[ 62%] [34m[1mGenerating Python code from SRV controller_manager_msgs/SwitchController
[0m[ 65%] [34m[1mGenerating Python msg __init__.py for controller_manager_msgs
[0m[ 68%] [34m[1mGenerating Python srv __init__.py for controller_manager_msgs
[0m[ 68%] Built target controller_manager_msgs_generate_messages_py
[35m[1mScanning dependencies of target controller_manager_msgs_generate_messages_lisp
[0m[ 72%] [34m[1mGenerating Lisp code from controller_manager_msgs/ControllersStatistics.msg
[0m[ 75%] [34m[1mGenerating Lisp code from controller_manager_msgs/ControllerStatistics.msg
[0m[ 79%] [34m[1mGenerating Lisp code from controller_manager_msgs/ControllerState.msg
[0m[ 82%] [34m[1mGenerating Lisp code from controller_manager_msgs/ReloadControllerLibraries.srv
[0m[ 86%] [34m[1mGenerating Lisp code from controller_manager_msgs/LoadController.srv
[0m[ 89%] [34m[1mGenerating Lisp code from controller_manager_msgs/ListControllerTypes.srv
[0m[ 93%] [34m[1mGenerating Lisp code from controller_manager_msgs/ListControllers.srv
[0m[ 96%] [34m[1mGenerating Lisp code from controller_manager_msgs/UnloadController.srv
[0m[100%] [34m[1mGenerating Lisp code from controller_manager_msgs/SwitchController.srv
[0m[100%] Built target controller_manager_msgs_generate_messages_lisp
[35m[1mScanning dependencies of target controller_manager_msgs_generate_messages
[0m[100%] Built target controller_manager_msgs_generate_messages
