Symlinking /home/mc16766/tiago_public_ws/devel/include/pal_walking_msgs/WalkStepsRequest.h
Symlinking /home/mc16766/tiago_public_ws/devel/include/pal_walking_msgs/WalkSteps.h
Symlinking /home/mc16766/tiago_public_ws/devel/include/pal_walking_msgs/WalkingStatus.h
Symlinking /home/mc16766/tiago_public_ws/devel/include/pal_walking_msgs/WalkStepsResponse.h
Symlinking /home/mc16766/tiago_public_ws/devel/include/pal_walking_msgs/WalkingStep.h
Symlinking /home/mc16766/tiago_public_ws/devel/share/common-lisp/ros/pal_walking_msgs/srv/_package.lisp
Symlinking /home/mc16766/tiago_public_ws/devel/share/common-lisp/ros/pal_walking_msgs/srv/pal_walking_msgs-srv.asd
Symlinking /home/mc16766/tiago_public_ws/devel/share/common-lisp/ros/pal_walking_msgs/srv/_package_WalkSteps.lisp
Symlinking /home/mc16766/tiago_public_ws/devel/share/common-lisp/ros/pal_walking_msgs/srv/WalkSteps.lisp
Symlinking /home/mc16766/tiago_public_ws/devel/share/common-lisp/ros/pal_walking_msgs/msg/_package.lisp
Symlinking /home/mc16766/tiago_public_ws/devel/share/common-lisp/ros/pal_walking_msgs/msg/WalkingStatus.lisp
Symlinking /home/mc16766/tiago_public_ws/devel/share/common-lisp/ros/pal_walking_msgs/msg/_package_WalkingStatus.lisp
Symlinking /home/mc16766/tiago_public_ws/devel/share/common-lisp/ros/pal_walking_msgs/msg/_package_WalkingStep.lisp
Symlinking /home/mc16766/tiago_public_ws/devel/share/common-lisp/ros/pal_walking_msgs/msg/pal_walking_msgs-msg.asd
Symlinking /home/mc16766/tiago_public_ws/devel/share/common-lisp/ros/pal_walking_msgs/msg/WalkingStep.lisp
Symlinking /home/mc16766/tiago_public_ws/devel/share/pal_walking_msgs/cmake/pal_walking_msgs-msg-paths.cmake
Symlinking /home/mc16766/tiago_public_ws/devel/share/pal_walking_msgs/cmake/pal_walking_msgs-msg-extras.cmake
Symlinking /home/mc16766/tiago_public_ws/devel/share/pal_walking_msgs/cmake/pal_walking_msgsConfig.cmake
Symlinking /home/mc16766/tiago_public_ws/devel/share/pal_walking_msgs/cmake/pal_walking_msgsConfig-version.cmake
Symlinking /home/mc16766/tiago_public_ws/devel/lib/pkgconfig/pal_walking_msgs.pc
Symlinking /home/mc16766/tiago_public_ws/devel/lib/python2.7/dist-packages/pal_walking_msgs/__init__.py
Symlinking /home/mc16766/tiago_public_ws/devel/lib/python2.7/dist-packages/pal_walking_msgs/srv/_WalkSteps.py
Symlinking /home/mc16766/tiago_public_ws/devel/lib/python2.7/dist-packages/pal_walking_msgs/srv/__init__.py
Symlinking /home/mc16766/tiago_public_ws/devel/lib/python2.7/dist-packages/pal_walking_msgs/msg/_WalkingStatus.py
Symlinking /home/mc16766/tiago_public_ws/devel/lib/python2.7/dist-packages/pal_walking_msgs/msg/__init__.py
Symlinking /home/mc16766/tiago_public_ws/devel/lib/python2.7/dist-packages/pal_walking_msgs/msg/_WalkingStep.py
