Determining if the pthread_create exist failed with the following output:
Change Dir: /home/mc16766/tiago_public_ws/build/run_motion/CMakeFiles/CMakeTmp

Run Build Command:/usr/bin/make "cmTryCompileExec2111843528/fast"
/usr/bin/make -f CMakeFiles/cmTryCompileExec2111843528.dir/build.make CMakeFiles/cmTryCompileExec2111843528.dir/build
make[1]: Entering directory `/home/mc16766/tiago_public_ws/build/run_motion/CMakeFiles/CMakeTmp'
/usr/bin/cmake -E cmake_progress_report /home/mc16766/tiago_public_ws/build/run_motion/CMakeFiles/CMakeTmp/CMakeFiles 1
Building C object CMakeFiles/cmTryCompileExec2111843528.dir/CheckSymbolExists.c.o
/usr/bin/cc    -o CMakeFiles/cmTryCompileExec2111843528.dir/CheckSymbolExists.c.o   -c /home/mc16766/tiago_public_ws/build/run_motion/CMakeFiles/CMakeTmp/CheckSymbolExists.c
Linking C executable cmTryCompileExec2111843528
/usr/bin/cmake -E cmake_link_script CMakeFiles/cmTryCompileExec2111843528.dir/link.txt --verbose=1
/usr/bin/cc       CMakeFiles/cmTryCompileExec2111843528.dir/CheckSymbolExists.c.o  -o cmTryCompileExec2111843528 -rdynamic 
CMakeFiles/cmTryCompileExec2111843528.dir/CheckSymbolExists.c.o: In function `main':
CheckSymbolExists.c:(.text+0x16): undefined reference to `pthread_create'
collect2: error: ld returned 1 exit status
make[1]: Leaving directory `/home/mc16766/tiago_public_ws/build/run_motion/CMakeFiles/CMakeTmp'
make[1]: *** [cmTryCompileExec2111843528] Error 1
make: *** [cmTryCompileExec2111843528/fast] Error 2

File /home/mc16766/tiago_public_ws/build/run_motion/CMakeFiles/CMakeTmp/CheckSymbolExists.c:
/* */
#include <pthread.h>

int main(int argc, char** argv)
{
  (void)argv;
#ifndef pthread_create
  return ((int*)(&pthread_create))[argc];
#else
  (void)argc;
  return 0;
#endif
}

Determining if the function pthread_create exists in the pthreads failed with the following output:
Change Dir: /home/mc16766/tiago_public_ws/build/run_motion/CMakeFiles/CMakeTmp

Run Build Command:/usr/bin/make "cmTryCompileExec2010290431/fast"
/usr/bin/make -f CMakeFiles/cmTryCompileExec2010290431.dir/build.make CMakeFiles/cmTryCompileExec2010290431.dir/build
make[1]: Entering directory `/home/mc16766/tiago_public_ws/build/run_motion/CMakeFiles/CMakeTmp'
/usr/bin/cmake -E cmake_progress_report /home/mc16766/tiago_public_ws/build/run_motion/CMakeFiles/CMakeTmp/CMakeFiles 1
Building C object CMakeFiles/cmTryCompileExec2010290431.dir/CheckFunctionExists.c.o
/usr/bin/cc   -DCHECK_FUNCTION_EXISTS=pthread_create   -o CMakeFiles/cmTryCompileExec2010290431.dir/CheckFunctionExists.c.o   -c /usr/share/cmake-2.8/Modules/CheckFunctionExists.c
Linking C executable cmTryCompileExec2010290431
/usr/bin/cmake -E cmake_link_script CMakeFiles/cmTryCompileExec2010290431.dir/link.txt --verbose=1
/usr/bin/cc   -DCHECK_FUNCTION_EXISTS=pthread_create    CMakeFiles/cmTryCompileExec2010290431.dir/CheckFunctionExists.c.o  -o cmTryCompileExec2010290431 -rdynamic -lpthreads 
/usr/bin/ld: cannot find -lpthreads
make[1]: Leaving directory `/home/mc16766/tiago_public_ws/build/run_motion/CMakeFiles/CMakeTmp'
collect2: error: ld returned 1 exit status
make[1]: *** [cmTryCompileExec2010290431] Error 1
make: *** [cmTryCompileExec2010290431/fast] Error 2


