[35m[1mScanning dependencies of target _pal_control_msgs_generate_messages_check_deps_MotionManagerActionResult
[0m[  0%] Built target _pal_control_msgs_generate_messages_check_deps_MotionManagerActionResult
[35m[1mScanning dependencies of target _pal_control_msgs_generate_messages_check_deps_MotionManagerActionGoal
[0m[  0%] Built target _pal_control_msgs_generate_messages_check_deps_MotionManagerActionGoal
[35m[1mScanning dependencies of target _pal_control_msgs_generate_messages_check_deps_MotionManagerResult
[0m[  0%] Built target _pal_control_msgs_generate_messages_check_deps_MotionManagerResult
[35m[1mScanning dependencies of target _pal_control_msgs_generate_messages_check_deps_ActuatorCurrentLimit
[0m[  0%] Built target _pal_control_msgs_generate_messages_check_deps_ActuatorCurrentLimit
[35m[1mScanning dependencies of target _pal_control_msgs_generate_messages_check_deps_MotionManagerAction
[0m[  0%] Built target _pal_control_msgs_generate_messages_check_deps_MotionManagerAction
[35m[1mScanning dependencies of target _pal_control_msgs_generate_messages_check_deps_MotionManagerGoal
[0m[  0%] Built target _pal_control_msgs_generate_messages_check_deps_MotionManagerGoal
[35m[1mScanning dependencies of target _pal_control_msgs_generate_messages_check_deps_CurrentLimit
[0m[  0%] Built target _pal_control_msgs_generate_messages_check_deps_CurrentLimit
[35m[1mScanning dependencies of target _pal_control_msgs_generate_messages_check_deps_MotionManagerActionFeedback
[0m[  0%] Built target _pal_control_msgs_generate_messages_check_deps_MotionManagerActionFeedback
[35m[1mScanning dependencies of target actionlib_msgs_generate_messages_lisp
[0m[  0%] Built target actionlib_msgs_generate_messages_lisp
[35m[1mScanning dependencies of target _pal_control_msgs_generate_messages_check_deps_MotionManagerFeedback
[0m[  0%] Built target _pal_control_msgs_generate_messages_check_deps_MotionManagerFeedback
[35m[1mScanning dependencies of target actionlib_msgs_generate_messages_py
[0m[  0%] Built target actionlib_msgs_generate_messages_py
[35m[1mScanning dependencies of target actionlib_msgs_generate_messages_cpp
[0m[  0%] Built target actionlib_msgs_generate_messages_cpp
[35m[1mScanning dependencies of target pal_control_msgs_generate_messages_lisp
[0m[  3%] [34m[1mGenerating Lisp code from pal_control_msgs/MotionManagerActionGoal.msg
[0m[  6%] [34m[1mGenerating Lisp code from pal_control_msgs/ActuatorCurrentLimit.msg
[0m[ 10%] [34m[1mGenerating Lisp code from pal_control_msgs/MotionManagerActionResult.msg
[0m[ 13%] [34m[1mGenerating Lisp code from pal_control_msgs/MotionManagerAction.msg
[0m[ 17%] [34m[1mGenerating Lisp code from pal_control_msgs/MotionManagerActionFeedback.msg
[0m[ 20%] [34m[1mGenerating Lisp code from pal_control_msgs/MotionManagerFeedback.msg
[0m[ 24%] [34m[1mGenerating Lisp code from pal_control_msgs/MotionManagerGoal.msg
[0m[ 27%] [34m[1mGenerating Lisp code from pal_control_msgs/MotionManagerResult.msg
[0m[ 31%] [34m[1mGenerating Lisp code from pal_control_msgs/CurrentLimit.srv
[0m[ 31%] Built target pal_control_msgs_generate_messages_lisp
[35m[1mScanning dependencies of target pal_control_msgs_generate_messages_py
[0m[ 34%] [34m[1mGenerating Python from MSG pal_control_msgs/MotionManagerActionGoal
[0m[ 37%] [34m[1mGenerating Python from MSG pal_control_msgs/ActuatorCurrentLimit
[0m[ 41%] [34m[1mGenerating Python from MSG pal_control_msgs/MotionManagerActionResult
[0m[ 44%] [34m[1mGenerating Python from MSG pal_control_msgs/MotionManagerAction
[0m[ 48%] [34m[1mGenerating Python from MSG pal_control_msgs/MotionManagerActionFeedback
[0m[ 51%] [34m[1mGenerating Python from MSG pal_control_msgs/MotionManagerFeedback
[0m[ 55%] [34m[1mGenerating Python from MSG pal_control_msgs/MotionManagerGoal
[0m[ 58%] [34m[1mGenerating Python from MSG pal_control_msgs/MotionManagerResult
[0m[ 62%] [34m[1mGenerating Python code from SRV pal_control_msgs/CurrentLimit
[0m[ 65%] [34m[1mGenerating Python msg __init__.py for pal_control_msgs
[0m[ 68%] [34m[1mGenerating Python srv __init__.py for pal_control_msgs
[0m[ 68%] Built target pal_control_msgs_generate_messages_py
[35m[1mScanning dependencies of target pal_control_msgs_generate_messages_cpp
[0m[ 72%] [34m[1mGenerating C++ code from pal_control_msgs/MotionManagerActionGoal.msg
[0m[ 75%] [34m[1mGenerating C++ code from pal_control_msgs/ActuatorCurrentLimit.msg
[0m[ 79%] [34m[1mGenerating C++ code from pal_control_msgs/MotionManagerActionResult.msg
[0m[ 82%] [34m[1mGenerating C++ code from pal_control_msgs/MotionManagerAction.msg
[0m[ 86%] [34m[1mGenerating C++ code from pal_control_msgs/MotionManagerActionFeedback.msg
[0m[ 89%] [34m[1mGenerating C++ code from pal_control_msgs/MotionManagerFeedback.msg
[0m[ 93%] [34m[1mGenerating C++ code from pal_control_msgs/MotionManagerGoal.msg
[0m[ 96%] [34m[1mGenerating C++ code from pal_control_msgs/MotionManagerResult.msg
[0m[100%] [34m[1mGenerating C++ code from pal_control_msgs/CurrentLimit.srv
[0m[100%] Built target pal_control_msgs_generate_messages_cpp
[35m[1mScanning dependencies of target pal_control_msgs_generate_messages
[0m[100%] Built target pal_control_msgs_generate_messages
