Symlinking /home/mc16766/tiago_public_ws/devel/include/pal_control_msgs/MotionManagerActionFeedback.h
Symlinking /home/mc16766/tiago_public_ws/devel/include/pal_control_msgs/MotionManagerAction.h
Symlinking /home/mc16766/tiago_public_ws/devel/include/pal_control_msgs/MotionManagerResult.h
Symlinking /home/mc16766/tiago_public_ws/devel/include/pal_control_msgs/CurrentLimitResponse.h
Symlinking /home/mc16766/tiago_public_ws/devel/include/pal_control_msgs/MotionManagerFeedback.h
Symlinking /home/mc16766/tiago_public_ws/devel/include/pal_control_msgs/ActuatorCurrentLimit.h
Symlinking /home/mc16766/tiago_public_ws/devel/include/pal_control_msgs/CurrentLimit.h
Symlinking /home/mc16766/tiago_public_ws/devel/include/pal_control_msgs/MotionManagerGoal.h
Symlinking /home/mc16766/tiago_public_ws/devel/include/pal_control_msgs/MotionManagerActionResult.h
Symlinking /home/mc16766/tiago_public_ws/devel/include/pal_control_msgs/MotionManagerActionGoal.h
Symlinking /home/mc16766/tiago_public_ws/devel/include/pal_control_msgs/CurrentLimitRequest.h
Symlinking /home/mc16766/tiago_public_ws/devel/share/common-lisp/ros/pal_control_msgs/srv/_package.lisp
Symlinking /home/mc16766/tiago_public_ws/devel/share/common-lisp/ros/pal_control_msgs/srv/CurrentLimit.lisp
Symlinking /home/mc16766/tiago_public_ws/devel/share/common-lisp/ros/pal_control_msgs/srv/_package_CurrentLimit.lisp
Symlinking /home/mc16766/tiago_public_ws/devel/share/common-lisp/ros/pal_control_msgs/srv/pal_control_msgs-srv.asd
Symlinking /home/mc16766/tiago_public_ws/devel/share/common-lisp/ros/pal_control_msgs/msg/MotionManagerAction.lisp
Symlinking /home/mc16766/tiago_public_ws/devel/share/common-lisp/ros/pal_control_msgs/msg/MotionManagerGoal.lisp
Symlinking /home/mc16766/tiago_public_ws/devel/share/common-lisp/ros/pal_control_msgs/msg/_package.lisp
Symlinking /home/mc16766/tiago_public_ws/devel/share/common-lisp/ros/pal_control_msgs/msg/_package_ActuatorCurrentLimit.lisp
Symlinking /home/mc16766/tiago_public_ws/devel/share/common-lisp/ros/pal_control_msgs/msg/MotionManagerActionFeedback.lisp
Symlinking /home/mc16766/tiago_public_ws/devel/share/common-lisp/ros/pal_control_msgs/msg/_package_MotionManagerAction.lisp
Symlinking /home/mc16766/tiago_public_ws/devel/share/common-lisp/ros/pal_control_msgs/msg/_package_MotionManagerActionGoal.lisp
Symlinking /home/mc16766/tiago_public_ws/devel/share/common-lisp/ros/pal_control_msgs/msg/ActuatorCurrentLimit.lisp
Symlinking /home/mc16766/tiago_public_ws/devel/share/common-lisp/ros/pal_control_msgs/msg/MotionManagerActionGoal.lisp
Symlinking /home/mc16766/tiago_public_ws/devel/share/common-lisp/ros/pal_control_msgs/msg/MotionManagerActionResult.lisp
Symlinking /home/mc16766/tiago_public_ws/devel/share/common-lisp/ros/pal_control_msgs/msg/_package_MotionManagerResult.lisp
Symlinking /home/mc16766/tiago_public_ws/devel/share/common-lisp/ros/pal_control_msgs/msg/MotionManagerFeedback.lisp
Symlinking /home/mc16766/tiago_public_ws/devel/share/common-lisp/ros/pal_control_msgs/msg/MotionManagerResult.lisp
Symlinking /home/mc16766/tiago_public_ws/devel/share/common-lisp/ros/pal_control_msgs/msg/_package_MotionManagerFeedback.lisp
Symlinking /home/mc16766/tiago_public_ws/devel/share/common-lisp/ros/pal_control_msgs/msg/_package_MotionManagerActionFeedback.lisp
Symlinking /home/mc16766/tiago_public_ws/devel/share/common-lisp/ros/pal_control_msgs/msg/_package_MotionManagerGoal.lisp
Symlinking /home/mc16766/tiago_public_ws/devel/share/common-lisp/ros/pal_control_msgs/msg/_package_MotionManagerActionResult.lisp
Symlinking /home/mc16766/tiago_public_ws/devel/share/common-lisp/ros/pal_control_msgs/msg/pal_control_msgs-msg.asd
Symlinking /home/mc16766/tiago_public_ws/devel/share/pal_control_msgs/cmake/pal_control_msgsConfig.cmake
Symlinking /home/mc16766/tiago_public_ws/devel/share/pal_control_msgs/cmake/pal_control_msgs-msg-extras.cmake
Symlinking /home/mc16766/tiago_public_ws/devel/share/pal_control_msgs/cmake/pal_control_msgs-msg-paths.cmake
Symlinking /home/mc16766/tiago_public_ws/devel/share/pal_control_msgs/cmake/pal_control_msgsConfig-version.cmake
Symlinking /home/mc16766/tiago_public_ws/devel/share/pal_control_msgs/msg/MotionManagerAction.msg
Symlinking /home/mc16766/tiago_public_ws/devel/share/pal_control_msgs/msg/MotionManagerActionFeedback.msg
Symlinking /home/mc16766/tiago_public_ws/devel/share/pal_control_msgs/msg/MotionManagerFeedback.msg
Symlinking /home/mc16766/tiago_public_ws/devel/share/pal_control_msgs/msg/MotionManagerActionResult.msg
Symlinking /home/mc16766/tiago_public_ws/devel/share/pal_control_msgs/msg/MotionManagerGoal.msg
Symlinking /home/mc16766/tiago_public_ws/devel/share/pal_control_msgs/msg/MotionManagerActionGoal.msg
Symlinking /home/mc16766/tiago_public_ws/devel/share/pal_control_msgs/msg/MotionManagerResult.msg
Symlinking /home/mc16766/tiago_public_ws/devel/lib/pkgconfig/pal_control_msgs.pc
Symlinking /home/mc16766/tiago_public_ws/devel/lib/python2.7/dist-packages/pal_control_msgs/__init__.py
Symlinking /home/mc16766/tiago_public_ws/devel/lib/python2.7/dist-packages/pal_control_msgs/srv/__init__.py
Symlinking /home/mc16766/tiago_public_ws/devel/lib/python2.7/dist-packages/pal_control_msgs/srv/_CurrentLimit.py
Symlinking /home/mc16766/tiago_public_ws/devel/lib/python2.7/dist-packages/pal_control_msgs/msg/_MotionManagerFeedback.py
Symlinking /home/mc16766/tiago_public_ws/devel/lib/python2.7/dist-packages/pal_control_msgs/msg/_MotionManagerAction.py
Symlinking /home/mc16766/tiago_public_ws/devel/lib/python2.7/dist-packages/pal_control_msgs/msg/_MotionManagerResult.py
Symlinking /home/mc16766/tiago_public_ws/devel/lib/python2.7/dist-packages/pal_control_msgs/msg/__init__.py
Symlinking /home/mc16766/tiago_public_ws/devel/lib/python2.7/dist-packages/pal_control_msgs/msg/_MotionManagerActionFeedback.py
Symlinking /home/mc16766/tiago_public_ws/devel/lib/python2.7/dist-packages/pal_control_msgs/msg/_MotionManagerActionGoal.py
Symlinking /home/mc16766/tiago_public_ws/devel/lib/python2.7/dist-packages/pal_control_msgs/msg/_MotionManagerActionResult.py
Symlinking /home/mc16766/tiago_public_ws/devel/lib/python2.7/dist-packages/pal_control_msgs/msg/_ActuatorCurrentLimit.py
Symlinking /home/mc16766/tiago_public_ws/devel/lib/python2.7/dist-packages/pal_control_msgs/msg/_MotionManagerGoal.py
