Determining if the pthread_create exist failed with the following output:
Change Dir: /home/mc16766/tiago_public_ws/build/tiago_multi/CMakeFiles/CMakeTmp

Run Build Command:/usr/bin/make "cmTryCompileExec697828531/fast"
/usr/bin/make -f CMakeFiles/cmTryCompileExec697828531.dir/build.make CMakeFiles/cmTryCompileExec697828531.dir/build
make[1]: Entering directory `/home/mc16766/tiago_public_ws/build/tiago_multi/CMakeFiles/CMakeTmp'
/usr/bin/cmake -E cmake_progress_report /home/mc16766/tiago_public_ws/build/tiago_multi/CMakeFiles/CMakeTmp/CMakeFiles 1
Building C object CMakeFiles/cmTryCompileExec697828531.dir/CheckSymbolExists.c.o
/usr/bin/cc    -o CMakeFiles/cmTryCompileExec697828531.dir/CheckSymbolExists.c.o   -c /home/mc16766/tiago_public_ws/build/tiago_multi/CMakeFiles/CMakeTmp/CheckSymbolExists.c
Linking C executable cmTryCompileExec697828531
/usr/bin/cmake -E cmake_link_script CMakeFiles/cmTryCompileExec697828531.dir/link.txt --verbose=1
/usr/bin/cc       CMakeFiles/cmTryCompileExec697828531.dir/CheckSymbolExists.c.o  -o cmTryCompileExec697828531 -rdynamic 
CMakeFiles/cmTryCompileExec697828531.dir/CheckSymbolExists.c.o: In function `main':
CheckSymbolExists.c:(.text+0x16): undefined reference to `pthread_create'
collect2: error: ld returned 1 exit status
make[1]: *** [cmTryCompileExec697828531] Error 1
make[1]: Leaving directory `/home/mc16766/tiago_public_ws/build/tiago_multi/CMakeFiles/CMakeTmp'
make: *** [cmTryCompileExec697828531/fast] Error 2

File /home/mc16766/tiago_public_ws/build/tiago_multi/CMakeFiles/CMakeTmp/CheckSymbolExists.c:
/* */
#include <pthread.h>

int main(int argc, char** argv)
{
  (void)argv;
#ifndef pthread_create
  return ((int*)(&pthread_create))[argc];
#else
  (void)argc;
  return 0;
#endif
}

Determining if the function pthread_create exists in the pthreads failed with the following output:
Change Dir: /home/mc16766/tiago_public_ws/build/tiago_multi/CMakeFiles/CMakeTmp

Run Build Command:/usr/bin/make "cmTryCompileExec2086766683/fast"
/usr/bin/make -f CMakeFiles/cmTryCompileExec2086766683.dir/build.make CMakeFiles/cmTryCompileExec2086766683.dir/build
make[1]: Entering directory `/home/mc16766/tiago_public_ws/build/tiago_multi/CMakeFiles/CMakeTmp'
/usr/bin/cmake -E cmake_progress_report /home/mc16766/tiago_public_ws/build/tiago_multi/CMakeFiles/CMakeTmp/CMakeFiles 1
Building C object CMakeFiles/cmTryCompileExec2086766683.dir/CheckFunctionExists.c.o
/usr/bin/cc   -DCHECK_FUNCTION_EXISTS=pthread_create   -o CMakeFiles/cmTryCompileExec2086766683.dir/CheckFunctionExists.c.o   -c /usr/share/cmake-2.8/Modules/CheckFunctionExists.c
Linking C executable cmTryCompileExec2086766683
/usr/bin/cmake -E cmake_link_script CMakeFiles/cmTryCompileExec2086766683.dir/link.txt --verbose=1
/usr/bin/cc   -DCHECK_FUNCTION_EXISTS=pthread_create    CMakeFiles/cmTryCompileExec2086766683.dir/CheckFunctionExists.c.o  -o cmTryCompileExec2086766683 -rdynamic -lpthreads 
/usr/bin/ld: cannot find -lpthreads
collect2: error: ld returned 1 exit status
make[1]: *** [cmTryCompileExec2086766683] Error 1
make[1]: Leaving directory `/home/mc16766/tiago_public_ws/build/tiago_multi/CMakeFiles/CMakeTmp'
make: *** [cmTryCompileExec2086766683/fast] Error 2


