Symlinking /home/mc16766/tiago_public_ws/devel/include/pal_detection_msgs/TexturedObjectDetection.h
Symlinking /home/mc16766/tiago_public_ws/devel/include/pal_detection_msgs/RecognizerResponse.h
Symlinking /home/mc16766/tiago_public_ws/devel/include/pal_detection_msgs/SelectTexturedObjectResponse.h
Symlinking /home/mc16766/tiago_public_ws/devel/include/pal_detection_msgs/PersonDetection.h
Symlinking /home/mc16766/tiago_public_ws/devel/include/pal_detection_msgs/LegDetections.h
Symlinking /home/mc16766/tiago_public_ws/devel/include/pal_detection_msgs/SelectTexturedObject.h
Symlinking /home/mc16766/tiago_public_ws/devel/include/pal_detection_msgs/StopEnrollmentResponse.h
Symlinking /home/mc16766/tiago_public_ws/devel/include/pal_detection_msgs/AddTexturedObjectRequest.h
Symlinking /home/mc16766/tiago_public_ws/devel/include/pal_detection_msgs/SetDatabaseResponse.h
Symlinking /home/mc16766/tiago_public_ws/devel/include/pal_detection_msgs/AddTexturedObjectResponse.h
Symlinking /home/mc16766/tiago_public_ws/devel/include/pal_detection_msgs/WaveDetection.h
Symlinking /home/mc16766/tiago_public_ws/devel/include/pal_detection_msgs/PersonDetections.h
Symlinking /home/mc16766/tiago_public_ws/devel/include/pal_detection_msgs/StopEnrollmentRequest.h
Symlinking /home/mc16766/tiago_public_ws/devel/include/pal_detection_msgs/RotatedDetection2d.h
Symlinking /home/mc16766/tiago_public_ws/devel/include/pal_detection_msgs/StartEnrollmentResponse.h
Symlinking /home/mc16766/tiago_public_ws/devel/include/pal_detection_msgs/FaceDetection.h
Symlinking /home/mc16766/tiago_public_ws/devel/include/pal_detection_msgs/StopEnrollment.h
Symlinking /home/mc16766/tiago_public_ws/devel/include/pal_detection_msgs/SelectTexturedObjectRequest.h
Symlinking /home/mc16766/tiago_public_ws/devel/include/pal_detection_msgs/Detection2d.h
Symlinking /home/mc16766/tiago_public_ws/devel/include/pal_detection_msgs/RecognizedActions.h
Symlinking /home/mc16766/tiago_public_ws/devel/include/pal_detection_msgs/RecognizerRequest.h
Symlinking /home/mc16766/tiago_public_ws/devel/include/pal_detection_msgs/StartEnrollment.h
Symlinking /home/mc16766/tiago_public_ws/devel/include/pal_detection_msgs/Detections2d.h
Symlinking /home/mc16766/tiago_public_ws/devel/include/pal_detection_msgs/SetDatabase.h
Symlinking /home/mc16766/tiago_public_ws/devel/include/pal_detection_msgs/FaceDetections.h
Symlinking /home/mc16766/tiago_public_ws/devel/include/pal_detection_msgs/Recognizer.h
Symlinking /home/mc16766/tiago_public_ws/devel/include/pal_detection_msgs/SetDatabaseRequest.h
Symlinking /home/mc16766/tiago_public_ws/devel/include/pal_detection_msgs/AddTexturedObject.h
Symlinking /home/mc16766/tiago_public_ws/devel/include/pal_detection_msgs/StartEnrollmentRequest.h
Symlinking /home/mc16766/tiago_public_ws/devel/share/common-lisp/ros/pal_detection_msgs/srv/_package.lisp
Symlinking /home/mc16766/tiago_public_ws/devel/share/common-lisp/ros/pal_detection_msgs/srv/StopEnrollment.lisp
Symlinking /home/mc16766/tiago_public_ws/devel/share/common-lisp/ros/pal_detection_msgs/srv/_package_SelectTexturedObject.lisp
Symlinking /home/mc16766/tiago_public_ws/devel/share/common-lisp/ros/pal_detection_msgs/srv/pal_detection_msgs-srv.asd
Symlinking /home/mc16766/tiago_public_ws/devel/share/common-lisp/ros/pal_detection_msgs/srv/_package_StopEnrollment.lisp
Symlinking /home/mc16766/tiago_public_ws/devel/share/common-lisp/ros/pal_detection_msgs/srv/AddTexturedObject.lisp
Symlinking /home/mc16766/tiago_public_ws/devel/share/common-lisp/ros/pal_detection_msgs/srv/StartEnrollment.lisp
Symlinking /home/mc16766/tiago_public_ws/devel/share/common-lisp/ros/pal_detection_msgs/srv/_package_StartEnrollment.lisp
Symlinking /home/mc16766/tiago_public_ws/devel/share/common-lisp/ros/pal_detection_msgs/srv/SelectTexturedObject.lisp
Symlinking /home/mc16766/tiago_public_ws/devel/share/common-lisp/ros/pal_detection_msgs/srv/SetDatabase.lisp
Symlinking /home/mc16766/tiago_public_ws/devel/share/common-lisp/ros/pal_detection_msgs/srv/_package_Recognizer.lisp
Symlinking /home/mc16766/tiago_public_ws/devel/share/common-lisp/ros/pal_detection_msgs/srv/Recognizer.lisp
Symlinking /home/mc16766/tiago_public_ws/devel/share/common-lisp/ros/pal_detection_msgs/srv/_package_SetDatabase.lisp
Symlinking /home/mc16766/tiago_public_ws/devel/share/common-lisp/ros/pal_detection_msgs/srv/_package_AddTexturedObject.lisp
Symlinking /home/mc16766/tiago_public_ws/devel/share/common-lisp/ros/pal_detection_msgs/msg/FaceDetection.lisp
Symlinking /home/mc16766/tiago_public_ws/devel/share/common-lisp/ros/pal_detection_msgs/msg/PersonDetections.lisp
Symlinking /home/mc16766/tiago_public_ws/devel/share/common-lisp/ros/pal_detection_msgs/msg/_package_WaveDetection.lisp
Symlinking /home/mc16766/tiago_public_ws/devel/share/common-lisp/ros/pal_detection_msgs/msg/_package_Detections2d.lisp
Symlinking /home/mc16766/tiago_public_ws/devel/share/common-lisp/ros/pal_detection_msgs/msg/_package.lisp
Symlinking /home/mc16766/tiago_public_ws/devel/share/common-lisp/ros/pal_detection_msgs/msg/_package_RecognizedActions.lisp
Symlinking /home/mc16766/tiago_public_ws/devel/share/common-lisp/ros/pal_detection_msgs/msg/_package_FaceDetections.lisp
Symlinking /home/mc16766/tiago_public_ws/devel/share/common-lisp/ros/pal_detection_msgs/msg/RecognizedActions.lisp
Symlinking /home/mc16766/tiago_public_ws/devel/share/common-lisp/ros/pal_detection_msgs/msg/_package_PersonDetection.lisp
Symlinking /home/mc16766/tiago_public_ws/devel/share/common-lisp/ros/pal_detection_msgs/msg/RotatedDetection2d.lisp
Symlinking /home/mc16766/tiago_public_ws/devel/share/common-lisp/ros/pal_detection_msgs/msg/LegDetections.lisp
Symlinking /home/mc16766/tiago_public_ws/devel/share/common-lisp/ros/pal_detection_msgs/msg/Detection2d.lisp
Symlinking /home/mc16766/tiago_public_ws/devel/share/common-lisp/ros/pal_detection_msgs/msg/_package_PersonDetections.lisp
Symlinking /home/mc16766/tiago_public_ws/devel/share/common-lisp/ros/pal_detection_msgs/msg/_package_FaceDetection.lisp
Symlinking /home/mc16766/tiago_public_ws/devel/share/common-lisp/ros/pal_detection_msgs/msg/_package_TexturedObjectDetection.lisp
Symlinking /home/mc16766/tiago_public_ws/devel/share/common-lisp/ros/pal_detection_msgs/msg/WaveDetection.lisp
Symlinking /home/mc16766/tiago_public_ws/devel/share/common-lisp/ros/pal_detection_msgs/msg/FaceDetections.lisp
Symlinking /home/mc16766/tiago_public_ws/devel/share/common-lisp/ros/pal_detection_msgs/msg/pal_detection_msgs-msg.asd
Symlinking /home/mc16766/tiago_public_ws/devel/share/common-lisp/ros/pal_detection_msgs/msg/_package_RotatedDetection2d.lisp
Symlinking /home/mc16766/tiago_public_ws/devel/share/common-lisp/ros/pal_detection_msgs/msg/_package_Detection2d.lisp
Symlinking /home/mc16766/tiago_public_ws/devel/share/common-lisp/ros/pal_detection_msgs/msg/TexturedObjectDetection.lisp
Symlinking /home/mc16766/tiago_public_ws/devel/share/common-lisp/ros/pal_detection_msgs/msg/_package_LegDetections.lisp
Symlinking /home/mc16766/tiago_public_ws/devel/share/common-lisp/ros/pal_detection_msgs/msg/PersonDetection.lisp
Symlinking /home/mc16766/tiago_public_ws/devel/share/common-lisp/ros/pal_detection_msgs/msg/Detections2d.lisp
Symlinking /home/mc16766/tiago_public_ws/devel/share/pal_detection_msgs/cmake/pal_detection_msgs-msg-extras.cmake
Symlinking /home/mc16766/tiago_public_ws/devel/share/pal_detection_msgs/cmake/pal_detection_msgs-msg-paths.cmake
Symlinking /home/mc16766/tiago_public_ws/devel/share/pal_detection_msgs/cmake/pal_detection_msgsConfig.cmake
Symlinking /home/mc16766/tiago_public_ws/devel/share/pal_detection_msgs/cmake/pal_detection_msgsConfig-version.cmake
Symlinking /home/mc16766/tiago_public_ws/devel/lib/pkgconfig/pal_detection_msgs.pc
Symlinking /home/mc16766/tiago_public_ws/devel/lib/python2.7/dist-packages/pal_detection_msgs/__init__.py
Symlinking /home/mc16766/tiago_public_ws/devel/lib/python2.7/dist-packages/pal_detection_msgs/srv/_Recognizer.py
Symlinking /home/mc16766/tiago_public_ws/devel/lib/python2.7/dist-packages/pal_detection_msgs/srv/_SelectTexturedObject.py
Symlinking /home/mc16766/tiago_public_ws/devel/lib/python2.7/dist-packages/pal_detection_msgs/srv/__init__.py
Symlinking /home/mc16766/tiago_public_ws/devel/lib/python2.7/dist-packages/pal_detection_msgs/srv/_AddTexturedObject.py
Symlinking /home/mc16766/tiago_public_ws/devel/lib/python2.7/dist-packages/pal_detection_msgs/srv/_SetDatabase.py
Symlinking /home/mc16766/tiago_public_ws/devel/lib/python2.7/dist-packages/pal_detection_msgs/srv/_StartEnrollment.py
Symlinking /home/mc16766/tiago_public_ws/devel/lib/python2.7/dist-packages/pal_detection_msgs/srv/_StopEnrollment.py
Symlinking /home/mc16766/tiago_public_ws/devel/lib/python2.7/dist-packages/pal_detection_msgs/msg/_PersonDetections.py
Symlinking /home/mc16766/tiago_public_ws/devel/lib/python2.7/dist-packages/pal_detection_msgs/msg/_LegDetections.py
Symlinking /home/mc16766/tiago_public_ws/devel/lib/python2.7/dist-packages/pal_detection_msgs/msg/_FaceDetections.py
Symlinking /home/mc16766/tiago_public_ws/devel/lib/python2.7/dist-packages/pal_detection_msgs/msg/_RotatedDetection2d.py
Symlinking /home/mc16766/tiago_public_ws/devel/lib/python2.7/dist-packages/pal_detection_msgs/msg/_Detection2d.py
Symlinking /home/mc16766/tiago_public_ws/devel/lib/python2.7/dist-packages/pal_detection_msgs/msg/_Detections2d.py
Symlinking /home/mc16766/tiago_public_ws/devel/lib/python2.7/dist-packages/pal_detection_msgs/msg/_RecognizedActions.py
Symlinking /home/mc16766/tiago_public_ws/devel/lib/python2.7/dist-packages/pal_detection_msgs/msg/_WaveDetection.py
Symlinking /home/mc16766/tiago_public_ws/devel/lib/python2.7/dist-packages/pal_detection_msgs/msg/__init__.py
Symlinking /home/mc16766/tiago_public_ws/devel/lib/python2.7/dist-packages/pal_detection_msgs/msg/_PersonDetection.py
Symlinking /home/mc16766/tiago_public_ws/devel/lib/python2.7/dist-packages/pal_detection_msgs/msg/_FaceDetection.py
Symlinking /home/mc16766/tiago_public_ws/devel/lib/python2.7/dist-packages/pal_detection_msgs/msg/_TexturedObjectDetection.py
