[35m[1mScanning dependencies of target _pal_detection_msgs_generate_messages_check_deps_TexturedObjectDetection
[0m[  0%] Built target _pal_detection_msgs_generate_messages_check_deps_TexturedObjectDetection
[35m[1mScanning dependencies of target _pal_detection_msgs_generate_messages_check_deps_WaveDetection
[0m[  0%] Built target _pal_detection_msgs_generate_messages_check_deps_WaveDetection
[35m[1mScanning dependencies of target _pal_detection_msgs_generate_messages_check_deps_StartEnrollment
[0m[  0%] Built target _pal_detection_msgs_generate_messages_check_deps_StartEnrollment
[35m[1mScanning dependencies of target _pal_detection_msgs_generate_messages_check_deps_SetDatabase
[0m[  0%] Built target _pal_detection_msgs_generate_messages_check_deps_SetDatabase
[35m[1mScanning dependencies of target _pal_detection_msgs_generate_messages_check_deps_FaceDetections
[0m[  0%] Built target _pal_detection_msgs_generate_messages_check_deps_FaceDetections
[35m[1mScanning dependencies of target _pal_detection_msgs_generate_messages_check_deps_SelectTexturedObject
[0m[  0%] Built target _pal_detection_msgs_generate_messages_check_deps_SelectTexturedObject
[35m[1mScanning dependencies of target _pal_detection_msgs_generate_messages_check_deps_Recognizer
[0m[  0%] Built target _pal_detection_msgs_generate_messages_check_deps_Recognizer
[35m[1mScanning dependencies of target _pal_detection_msgs_generate_messages_check_deps_LegDetections
[0m[  0%] Built target _pal_detection_msgs_generate_messages_check_deps_LegDetections
[35m[1mScanning dependencies of target _pal_detection_msgs_generate_messages_check_deps_RotatedDetection2d
[0m[  0%] Built target _pal_detection_msgs_generate_messages_check_deps_RotatedDetection2d
[35m[1mScanning dependencies of target _pal_detection_msgs_generate_messages_check_deps_RecognizedActions
[0m[  0%] Built target _pal_detection_msgs_generate_messages_check_deps_RecognizedActions
[35m[1mScanning dependencies of target _pal_detection_msgs_generate_messages_check_deps_FaceDetection
[0m[  0%] Built target _pal_detection_msgs_generate_messages_check_deps_FaceDetection
[35m[1mScanning dependencies of target _pal_detection_msgs_generate_messages_check_deps_Detections2d
[0m[  0%] Built target _pal_detection_msgs_generate_messages_check_deps_Detections2d
[35m[1mScanning dependencies of target _pal_detection_msgs_generate_messages_check_deps_AddTexturedObject
[0m[  0%] Built target _pal_detection_msgs_generate_messages_check_deps_AddTexturedObject
[35m[1mScanning dependencies of target _pal_detection_msgs_generate_messages_check_deps_StopEnrollment
[0m[  0%] Built target _pal_detection_msgs_generate_messages_check_deps_StopEnrollment
[35m[1mScanning dependencies of target sensor_msgs_generate_messages_py
[0m[  0%] Built target sensor_msgs_generate_messages_py
[35m[1mScanning dependencies of target _pal_detection_msgs_generate_messages_check_deps_PersonDetection
[0m[  0%] Built target _pal_detection_msgs_generate_messages_check_deps_PersonDetection
[35m[1mScanning dependencies of target geometry_msgs_generate_messages_py
[0m[  0%] Built target geometry_msgs_generate_messages_py
[35m[1mScanning dependencies of target _pal_detection_msgs_generate_messages_check_deps_Detection2d
[0m[  0%] Built target _pal_detection_msgs_generate_messages_check_deps_Detection2d
[35m[1mScanning dependencies of target _pal_detection_msgs_generate_messages_check_deps_PersonDetections
[0m[  0%] Built target _pal_detection_msgs_generate_messages_check_deps_PersonDetections
[35m[1mScanning dependencies of target geometry_msgs_generate_messages_cpp
[0m[  0%] Built target geometry_msgs_generate_messages_cpp
[35m[1mScanning dependencies of target sensor_msgs_generate_messages_cpp
[0m[  0%] Built target sensor_msgs_generate_messages_cpp
[35m[1mScanning dependencies of target geometry_msgs_generate_messages_lisp
[0m[  0%] Built target geometry_msgs_generate_messages_lisp
[35m[1mScanning dependencies of target sensor_msgs_generate_messages_lisp
[0m[  0%] Built target sensor_msgs_generate_messages_lisp
[35m[1mScanning dependencies of target pal_detection_msgs_generate_messages_py
[0m[  1%] [34m[1mGenerating Python from MSG pal_detection_msgs/PersonDetection
[0m[  3%] [34m[1mGenerating Python from MSG pal_detection_msgs/Detection2d
[0m[  5%] [34m[1mGenerating Python from MSG pal_detection_msgs/LegDetections
[0m[  7%] [34m[1mGenerating Python from MSG pal_detection_msgs/FaceDetections
[0m[  9%] [34m[1mGenerating Python from MSG pal_detection_msgs/RecognizedActions
[0m[ 11%] [34m[1mGenerating Python from MSG pal_detection_msgs/WaveDetection
[0m[ 13%] [34m[1mGenerating Python from MSG pal_detection_msgs/TexturedObjectDetection
[0m[ 15%] [34m[1mGenerating Python from MSG pal_detection_msgs/RotatedDetection2d
[0m[ 16%] [34m[1mGenerating Python from MSG pal_detection_msgs/PersonDetections
[0m[ 18%] [34m[1mGenerating Python from MSG pal_detection_msgs/FaceDetection
[0m[ 20%] [34m[1mGenerating Python from MSG pal_detection_msgs/Detections2d
[0m[ 22%] [34m[1mGenerating Python code from SRV pal_detection_msgs/Recognizer
[0m[ 24%] [34m[1mGenerating Python code from SRV pal_detection_msgs/StopEnrollment
[0m[ 26%] [34m[1mGenerating Python code from SRV pal_detection_msgs/SelectTexturedObject
[0m[ 28%] [34m[1mGenerating Python code from SRV pal_detection_msgs/AddTexturedObject
[0m[ 30%] [34m[1mGenerating Python code from SRV pal_detection_msgs/StartEnrollment
[0m[ 32%] [34m[1mGenerating Python code from SRV pal_detection_msgs/SetDatabase
[0m[ 33%] [34m[1mGenerating Python msg __init__.py for pal_detection_msgs
[0m[ 35%] [34m[1mGenerating Python srv __init__.py for pal_detection_msgs
[0m[ 35%] Built target pal_detection_msgs_generate_messages_py
[35m[1mScanning dependencies of target pal_detection_msgs_generate_messages_cpp
[0m[ 37%] [34m[1mGenerating C++ code from pal_detection_msgs/PersonDetection.msg
[0m[ 39%] [34m[1mGenerating C++ code from pal_detection_msgs/Detection2d.msg
[0m[ 41%] [34m[1mGenerating C++ code from pal_detection_msgs/LegDetections.msg
[0m[ 43%] [34m[1mGenerating C++ code from pal_detection_msgs/FaceDetections.msg
[0m[ 45%] [34m[1mGenerating C++ code from pal_detection_msgs/RecognizedActions.msg
[0m[ 47%] [34m[1mGenerating C++ code from pal_detection_msgs/WaveDetection.msg
[0m[ 49%] [34m[1mGenerating C++ code from pal_detection_msgs/TexturedObjectDetection.msg
[0m[ 50%] [34m[1mGenerating C++ code from pal_detection_msgs/RotatedDetection2d.msg
[0m[ 52%] [34m[1mGenerating C++ code from pal_detection_msgs/PersonDetections.msg
[0m[ 54%] [34m[1mGenerating C++ code from pal_detection_msgs/FaceDetection.msg
[0m[ 56%] [34m[1mGenerating C++ code from pal_detection_msgs/Detections2d.msg
[0m[ 58%] [34m[1mGenerating C++ code from pal_detection_msgs/Recognizer.srv
[0m[ 60%] [34m[1mGenerating C++ code from pal_detection_msgs/StopEnrollment.srv
[0m[ 62%] [34m[1mGenerating C++ code from pal_detection_msgs/SelectTexturedObject.srv
[0m[ 64%] [34m[1mGenerating C++ code from pal_detection_msgs/AddTexturedObject.srv
[0m[ 66%] [34m[1mGenerating C++ code from pal_detection_msgs/StartEnrollment.srv
[0m[ 67%] [34m[1mGenerating C++ code from pal_detection_msgs/SetDatabase.srv
[0m[35m[1mScanning dependencies of target pal_detection_msgs_generate_messages_lisp
[0m[ 69%] [34m[1mGenerating Lisp code from pal_detection_msgs/PersonDetection.msg
[0m[ 71%] [34m[1mGenerating Lisp code from pal_detection_msgs/Detection2d.msg
[0m[ 73%] [34m[1mGenerating Lisp code from pal_detection_msgs/LegDetections.msg
[0m[ 75%] [34m[1mGenerating Lisp code from pal_detection_msgs/FaceDetections.msg
[0m[ 77%] [ 77%] Built target pal_detection_msgs_generate_messages_cpp
[34m[1mGenerating Lisp code from pal_detection_msgs/RecognizedActions.msg
[0m[ 79%] [34m[1mGenerating Lisp code from pal_detection_msgs/WaveDetection.msg
[0m[ 81%] [34m[1mGenerating Lisp code from pal_detection_msgs/TexturedObjectDetection.msg
[0m[ 83%] [34m[1mGenerating Lisp code from pal_detection_msgs/RotatedDetection2d.msg
[0m[ 84%] [34m[1mGenerating Lisp code from pal_detection_msgs/PersonDetections.msg
[0m[ 86%] [34m[1mGenerating Lisp code from pal_detection_msgs/FaceDetection.msg
[0m[ 88%] [34m[1mGenerating Lisp code from pal_detection_msgs/Detections2d.msg
[0m[ 90%] [34m[1mGenerating Lisp code from pal_detection_msgs/Recognizer.srv
[0m[ 92%] [34m[1mGenerating Lisp code from pal_detection_msgs/StopEnrollment.srv
[0m[ 94%] [34m[1mGenerating Lisp code from pal_detection_msgs/SelectTexturedObject.srv
[0m[ 98%] [ 98%] [34m[1mGenerating Lisp code from pal_detection_msgs/StartEnrollment.srv
[34m[1mGenerating Lisp code from pal_detection_msgs/AddTexturedObject.srv
[0m[0m[100%] [34m[1mGenerating Lisp code from pal_detection_msgs/SetDatabase.srv
[0m[100%] Built target pal_detection_msgs_generate_messages_lisp
[35m[1mScanning dependencies of target pal_detection_msgs_generate_messages
[0m[100%] Built target pal_detection_msgs_generate_messages
